<?xml version="1.0" encoding="UTF-8"?>
<robot generator="Robot 7.2.2 (Python 3.11.9 on win32)" generated="2025-03-11T22:26:48.752342" rpa="false" schemaversion="5">
<suite id="s1" name="userResearchGroupTestsuite" source="D:\projectmanga\git-group-repository-group-6-sec-1\Source_Code\Project_2-master\Project_2-master\tests\sprint3\userResearchGroupTestsuite.robot">
<kw name="Open Browser And Login" type="SETUP">
<kw name="Open Browser" owner="SeleniumLibrary">
<msg time="2025-03-11T22:26:48.992557" level="INFO">Opening browser 'Firefox' to base url 'http://127.0.0.1:8000/login'.</msg>
<arg>${LOGIN_URL}</arg>
<arg>${BROWSER}</arg>
<doc>Opens a new browser instance to the optional ``url``.</doc>
<status status="PASS" start="2025-03-11T22:26:48.992557" elapsed="6.591054"/>
</kw>
<kw name="Maximize Browser Window" owner="SeleniumLibrary">
<doc>Maximizes current browser window.</doc>
<status status="PASS" start="2025-03-11T22:26:55.584116" elapsed="0.287394"/>
</kw>
<kw name="Login To System">
<kw name="Wait Until Page Contains Element" owner="SeleniumLibrary">
<arg>id=username</arg>
<arg>timeout=10s</arg>
<doc>Waits until the element ``locator`` appears on the current page.</doc>
<status status="PASS" start="2025-03-11T22:26:55.872507" elapsed="0.013196"/>
</kw>
<kw name="Log To Console" owner="BuiltIn">
<arg>Found username field</arg>
<doc>Logs the given message to the console.</doc>
<status status="PASS" start="2025-03-11T22:26:55.885703" elapsed="0.001173"/>
</kw>
<kw name="Input Text" owner="SeleniumLibrary">
<msg time="2025-03-11T22:26:55.886876" level="INFO">Typing text 'pusadee@kku.ac.th' into text field 'id=username'.</msg>
<arg>id=username</arg>
<arg>${USERNAME}</arg>
<doc>Types the given ``text`` into the text field identified by ``locator``.</doc>
<status status="PASS" start="2025-03-11T22:26:55.886876" elapsed="0.036443"/>
</kw>
<kw name="Input Text" owner="SeleniumLibrary">
<msg time="2025-03-11T22:26:55.923319" level="INFO">Typing text '123456789' into text field 'id=password'.</msg>
<arg>id=password</arg>
<arg>${PASSWORD}</arg>
<doc>Types the given ``text`` into the text field identified by ``locator``.</doc>
<status status="PASS" start="2025-03-11T22:26:55.923319" elapsed="0.031066"/>
</kw>
<kw name="Click Button" owner="SeleniumLibrary">
<msg time="2025-03-11T22:26:55.956775" level="INFO">Clicking button 'xpath://button[@type='submit']'.</msg>
<arg>xpath://button[@type='submit']</arg>
<doc>Clicks the button identified by ``locator``.</doc>
<status status="PASS" start="2025-03-11T22:26:55.955771" elapsed="1.632062"/>
</kw>
<kw name="Run Keyword And Return Status" owner="BuiltIn">
<kw name="Wait Until Page Contains Element" owner="SeleniumLibrary">
<arg>xpath://body</arg>
<arg>timeout=10s</arg>
<doc>Waits until the element ``locator`` appears on the current page.</doc>
<status status="PASS" start="2025-03-11T22:26:57.588831" elapsed="0.010511"/>
</kw>
<msg time="2025-03-11T22:26:57.600339" level="INFO">${status} = True</msg>
<var>${status}</var>
<arg>Wait Until Page Contains Element</arg>
<arg>xpath://body</arg>
<arg>timeout=10s</arg>
<doc>Runs the given keyword with given arguments and returns the status as a Boolean value.</doc>
<status status="PASS" start="2025-03-11T22:26:57.588831" elapsed="0.011508"/>
</kw>
<kw name="Run Keyword If" owner="BuiltIn">
<arg>not ${status}</arg>
<arg>Fail</arg>
<arg>Login failed or initial page not loaded</arg>
<doc>Runs the given keyword with the given arguments, if ``condition`` is true.</doc>
<status status="PASS" start="2025-03-11T22:26:57.600339" elapsed="0.000999"/>
</kw>
<kw name="Log To Console" owner="BuiltIn">
<arg>Login successful</arg>
<doc>Logs the given message to the console.</doc>
<status status="PASS" start="2025-03-11T22:26:57.601338" elapsed="0.000996"/>
</kw>
<status status="PASS" start="2025-03-11T22:26:55.871510" elapsed="1.730824"/>
</kw>
<kw name="Get Location" owner="SeleniumLibrary">
<msg time="2025-03-11T22:26:57.615178" level="INFO">${current_url} = http://127.0.0.1:8000/dashboard</msg>
<var>${current_url}</var>
<doc>Returns the current browser window URL.</doc>
<status status="PASS" start="2025-03-11T22:26:57.602334" elapsed="0.012844"/>
</kw>
<kw name="Log To Console" owner="BuiltIn">
<arg>URL after login: ${current_url}</arg>
<doc>Logs the given message to the console.</doc>
<status status="PASS" start="2025-03-11T22:26:57.615178" elapsed="0.001000"/>
</kw>
<kw name="Go To" owner="SeleniumLibrary">
<msg time="2025-03-11T22:26:57.616178" level="INFO">Opening url 'http://127.0.0.1:8000/researchGroups'</msg>
<arg>${RESEARCH_GROUPS_URL}</arg>
<doc>Navigates the current browser window to the provided ``url``.</doc>
<status status="PASS" start="2025-03-11T22:26:57.616178" elapsed="0.609517"/>
</kw>
<kw name="Run Keyword And Return Status" owner="BuiltIn">
<kw name="Wait Until Page Contains Element" owner="SeleniumLibrary">
<arg>xpath://table</arg>
<arg>timeout=20s</arg>
<doc>Waits until the element ``locator`` appears on the current page.</doc>
<status status="PASS" start="2025-03-11T22:26:58.225695" elapsed="0.095069"/>
</kw>
<msg time="2025-03-11T22:26:58.320764" level="INFO">${status} = True</msg>
<var>${status}</var>
<arg>Wait Until Page Contains Element</arg>
<arg>xpath://table</arg>
<arg>timeout=20s</arg>
<doc>Runs the given keyword with given arguments and returns the status as a Boolean value.</doc>
<status status="PASS" start="2025-03-11T22:26:58.225695" elapsed="0.095069"/>
</kw>
<kw name="Run Keyword If" owner="BuiltIn">
<arg>not ${status}</arg>
<arg>Log To Console</arg>
<arg>Warning: Table not found on ${RESEARCH_GROUPS_URL}, reloading...</arg>
<doc>Runs the given keyword with the given arguments, if ``condition`` is true.</doc>
<status status="PASS" start="2025-03-11T22:26:58.321762" elapsed="0.000000"/>
</kw>
<kw name="Run Keyword If" owner="BuiltIn">
<arg>not ${status}</arg>
<arg>Reload Page</arg>
<doc>Runs the given keyword with the given arguments, if ``condition`` is true.</doc>
<status status="PASS" start="2025-03-11T22:26:58.321762" elapsed="0.000000"/>
</kw>
<kw name="Run Keyword If" owner="BuiltIn">
<arg>not ${status}</arg>
<arg>Wait Until Page Contains Element</arg>
<arg>xpath://body</arg>
<arg>timeout=10s</arg>
<doc>Runs the given keyword with the given arguments, if ``condition`` is true.</doc>
<status status="PASS" start="2025-03-11T22:26:58.321762" elapsed="0.000000"/>
</kw>
<kw name="Run Keyword If" owner="BuiltIn">
<arg>not ${status}</arg>
<arg>Wait Until Page Contains</arg>
<arg>Research Groups</arg>
<arg>timeout=15s</arg>
<doc>Runs the given keyword with the given arguments, if ``condition`` is true.</doc>
<status status="PASS" start="2025-03-11T22:26:58.321762" elapsed="0.001509"/>
</kw>
<status status="PASS" start="2025-03-11T22:26:48.991557" elapsed="9.331714"/>
</kw>
<test id="s1-t1" name="TC01 - Add New Research Group" line="28">
<kw name="Go To" owner="SeleniumLibrary">
<msg time="2025-03-11T22:26:58.324289" level="INFO">Opening url 'http://127.0.0.1:8000/researchGroups/create'</msg>
<arg>${CREATE_URL}</arg>
<doc>Navigates the current browser window to the provided ``url``.</doc>
<status status="PASS" start="2025-03-11T22:26:58.324289" elapsed="0.471739"/>
</kw>
<kw name="Wait Until Page Contains" owner="SeleniumLibrary">
<arg>Create Research Group</arg>
<arg>timeout=30s</arg>
<doc>Waits until ``text`` appears on the current page.</doc>
<status status="PASS" start="2025-03-11T22:26:58.796028" elapsed="0.022621"/>
</kw>
<kw name="Wait For Page Load">
<kw name="Wait Until Page Contains Element" owner="SeleniumLibrary">
<arg>xpath://body</arg>
<arg>timeout=${timeout}</arg>
<doc>Waits until the element ``locator`` appears on the current page.</doc>
<status status="PASS" start="2025-03-11T22:26:58.818649" elapsed="0.007485"/>
</kw>
<status status="PASS" start="2025-03-11T22:26:58.818649" elapsed="0.007485"/>
</kw>
<kw name="Wait Until Page Contains Element" owner="SeleniumLibrary">
<arg>xpath://script[contains(@src, 'jquery')]</arg>
<arg>timeout=10s</arg>
<doc>Waits until the element ``locator`` appears on the current page.</doc>
<status status="PASS" start="2025-03-11T22:26:58.826134" elapsed="0.004521"/>
</kw>
<kw name="Wait Until Page Contains Element" owner="SeleniumLibrary">
<arg>xpath://script[contains(@src, 'select2')]</arg>
<arg>timeout=10s</arg>
<doc>Waits until the element ``locator`` appears on the current page.</doc>
<status status="PASS" start="2025-03-11T22:26:58.830655" elapsed="0.004499"/>
</kw>
<kw name="Execute Javascript" owner="SeleniumLibrary">
<msg time="2025-03-11T22:26:58.836158" level="INFO">Executing JavaScript:
return (typeof $ !== 'undefined' &amp;&amp; $.fn.select2 !== undefined);
Without any arguments.</msg>
<arg>return (typeof $ !== 'undefined' &amp;&amp; $.fn.select2 !== undefined);</arg>
<doc>Executes the given JavaScript code with possible arguments.</doc>
<status status="PASS" start="2025-03-11T22:26:58.836158" elapsed="0.007545"/>
</kw>
<kw name="Fill Research Group Form">
<kw name="Wait Until Element Is Visible" owner="SeleniumLibrary">
<arg>name=group_name_th</arg>
<arg>timeout=10s</arg>
<doc>Waits until the element ``locator`` is visible.</doc>
<status status="PASS" start="2025-03-11T22:26:58.844703" elapsed="0.014157"/>
</kw>
<kw name="Scroll Element Into View" owner="SeleniumLibrary">
<arg>name=group_name_th</arg>
<doc>Scrolls the element identified by ``locator`` into view.</doc>
<status status="PASS" start="2025-03-11T22:26:58.858860" elapsed="0.289603"/>
</kw>
<kw name="Execute Javascript" owner="SeleniumLibrary">
<msg time="2025-03-11T22:26:59.149459" level="INFO">Executing JavaScript:
document.querySelector('[name="group_name_th"]').value = "test";
Without any arguments.</msg>
<arg>document.querySelector('[name="group_name_th"]').value = "${name_th}";</arg>
<doc>Executes the given JavaScript code with possible arguments.</doc>
<status status="PASS" start="2025-03-11T22:26:59.148463" elapsed="0.003794"/>
</kw>
<kw name="Execute Javascript" owner="SeleniumLibrary">
<msg time="2025-03-11T22:26:59.153278" level="INFO">Executing JavaScript:
var event = new Event('change'); document.querySelector('[name="group_name_th"]').dispatchEvent(event);
Without any arguments.</msg>
<arg>var event = new Event('change'); document.querySelector('[name="group_name_th"]').dispatchEvent(event);</arg>
<doc>Executes the given JavaScript code with possible arguments.</doc>
<status status="PASS" start="2025-03-11T22:26:59.152257" elapsed="0.003379"/>
</kw>
<kw name="Run Keyword And Ignore Error" owner="BuiltIn">
<kw name="Capture Page Screenshot" owner="SeleniumLibrary">
<msg time="2025-03-11T22:26:59.211620" level="INFO" html="true">&lt;/td&gt;&lt;/tr&gt;&lt;tr&gt;&lt;td colspan="3"&gt;&lt;a href="debug_group_name_th_19.png"&gt;&lt;img src="debug_group_name_th_19.png" width="800px"&gt;&lt;/a&gt;</msg>
<arg>filename=debug_group_name_th_{index}.png</arg>
<doc>Takes a screenshot of the current page and embeds it into a log file.</doc>
<status status="PASS" start="2025-03-11T22:26:59.155636" elapsed="0.055984"/>
</kw>
<arg>Capture Page Screenshot</arg>
<arg>filename=debug_group_name_th_{index}.png</arg>
<doc>Runs the given keyword with the given arguments and ignores possible error.</doc>
<status status="PASS" start="2025-03-11T22:26:59.155636" elapsed="0.055984"/>
</kw>
<kw name="Wait Until Element Is Visible" owner="SeleniumLibrary">
<arg>name=group_name_en</arg>
<arg>timeout=10s</arg>
<doc>Waits until the element ``locator`` is visible.</doc>
<status status="PASS" start="2025-03-11T22:26:59.211620" elapsed="0.007838"/>
</kw>
<kw name="Scroll Element Into View" owner="SeleniumLibrary">
<arg>name=group_name_en</arg>
<doc>Scrolls the element identified by ``locator`` into view.</doc>
<status status="PASS" start="2025-03-11T22:26:59.219458" elapsed="0.272709"/>
</kw>
<kw name="Execute Javascript" owner="SeleniumLibrary">
<msg time="2025-03-11T22:26:59.493729" level="INFO">Executing JavaScript:
document.querySelector('[name="group_name_en"]').value = "test";
Without any arguments.</msg>
<arg>document.querySelector('[name="group_name_en"]').value = "${name_en}";</arg>
<doc>Executes the given JavaScript code with possible arguments.</doc>
<status status="PASS" start="2025-03-11T22:26:59.493729" elapsed="0.003034"/>
</kw>
<kw name="Execute Javascript" owner="SeleniumLibrary">
<msg time="2025-03-11T22:26:59.497760" level="INFO">Executing JavaScript:
var event = new Event('change'); document.querySelector('[name="group_name_en"]').dispatchEvent(event);
Without any arguments.</msg>
<arg>var event = new Event('change'); document.querySelector('[name="group_name_en"]').dispatchEvent(event);</arg>
<doc>Executes the given JavaScript code with possible arguments.</doc>
<status status="PASS" start="2025-03-11T22:26:59.496763" elapsed="0.004986"/>
</kw>
<kw name="Run Keyword And Ignore Error" owner="BuiltIn">
<kw name="Capture Page Screenshot" owner="SeleniumLibrary">
<msg time="2025-03-11T22:26:59.556998" level="INFO" html="true">&lt;/td&gt;&lt;/tr&gt;&lt;tr&gt;&lt;td colspan="3"&gt;&lt;a href="debug_group_name_en_19.png"&gt;&lt;img src="debug_group_name_en_19.png" width="800px"&gt;&lt;/a&gt;</msg>
<arg>filename=debug_group_name_en_{index}.png</arg>
<doc>Takes a screenshot of the current page and embeds it into a log file.</doc>
<status status="PASS" start="2025-03-11T22:26:59.502773" elapsed="0.054225"/>
</kw>
<arg>Capture Page Screenshot</arg>
<arg>filename=debug_group_name_en_{index}.png</arg>
<doc>Runs the given keyword with the given arguments and ignores possible error.</doc>
<status status="PASS" start="2025-03-11T22:26:59.502773" elapsed="0.054225"/>
</kw>
<kw name="Wait Until Element Is Visible" owner="SeleniumLibrary">
<arg>name=group_desc_th</arg>
<arg>timeout=10s</arg>
<doc>Waits until the element ``locator`` is visible.</doc>
<status status="PASS" start="2025-03-11T22:26:59.556998" elapsed="0.007541"/>
</kw>
<kw name="Scroll Element Into View" owner="SeleniumLibrary">
<arg>name=group_desc_th</arg>
<doc>Scrolls the element identified by ``locator`` into view.</doc>
<status status="PASS" start="2025-03-11T22:26:59.564539" elapsed="0.271079"/>
</kw>
<kw name="Execute Javascript" owner="SeleniumLibrary">
<msg time="2025-03-11T22:26:59.835618" level="INFO">Executing JavaScript:
document.querySelector('[name="group_desc_th"]').value = "test";
Without any arguments.</msg>
<arg>document.querySelector('[name="group_desc_th"]').value = "${desc_th}";</arg>
<doc>Executes the given JavaScript code with possible arguments.</doc>
<status status="PASS" start="2025-03-11T22:26:59.835618" elapsed="0.003992"/>
</kw>
<kw name="Execute Javascript" owner="SeleniumLibrary">
<msg time="2025-03-11T22:26:59.839610" level="INFO">Executing JavaScript:
var event = new Event('change'); document.querySelector('[name="group_desc_th"]').dispatchEvent(event);
Without any arguments.</msg>
<arg>var event = new Event('change'); document.querySelector('[name="group_desc_th"]').dispatchEvent(event);</arg>
<doc>Executes the given JavaScript code with possible arguments.</doc>
<status status="PASS" start="2025-03-11T22:26:59.839610" elapsed="0.002992"/>
</kw>
<kw name="Run Keyword And Ignore Error" owner="BuiltIn">
<kw name="Capture Page Screenshot" owner="SeleniumLibrary">
<msg time="2025-03-11T22:26:59.912275" level="INFO" html="true">&lt;/td&gt;&lt;/tr&gt;&lt;tr&gt;&lt;td colspan="3"&gt;&lt;a href="debug_group_desc_th_19.png"&gt;&lt;img src="debug_group_desc_th_19.png" width="800px"&gt;&lt;/a&gt;</msg>
<arg>filename=debug_group_desc_th_{index}.png</arg>
<doc>Takes a screenshot of the current page and embeds it into a log file.</doc>
<status status="PASS" start="2025-03-11T22:26:59.842602" elapsed="0.069673"/>
</kw>
<arg>Capture Page Screenshot</arg>
<arg>filename=debug_group_desc_th_{index}.png</arg>
<doc>Runs the given keyword with the given arguments and ignores possible error.</doc>
<status status="PASS" start="2025-03-11T22:26:59.842602" elapsed="0.069673"/>
</kw>
<kw name="Wait Until Element Is Visible" owner="SeleniumLibrary">
<arg>name=group_desc_en</arg>
<arg>timeout=10s</arg>
<doc>Waits until the element ``locator`` is visible.</doc>
<status status="PASS" start="2025-03-11T22:26:59.912275" elapsed="0.012705"/>
</kw>
<kw name="Scroll Element Into View" owner="SeleniumLibrary">
<arg>name=group_desc_en</arg>
<doc>Scrolls the element identified by ``locator`` into view.</doc>
<status status="PASS" start="2025-03-11T22:26:59.925981" elapsed="0.282528"/>
</kw>
<kw name="Execute Javascript" owner="SeleniumLibrary">
<msg time="2025-03-11T22:27:00.208509" level="INFO">Executing JavaScript:
document.querySelector('[name="group_desc_en"]').value = "test";
Without any arguments.</msg>
<arg>document.querySelector('[name="group_desc_en"]').value = "${desc_en}";</arg>
<doc>Executes the given JavaScript code with possible arguments.</doc>
<status status="PASS" start="2025-03-11T22:27:00.208509" elapsed="0.003668"/>
</kw>
<kw name="Execute Javascript" owner="SeleniumLibrary">
<msg time="2025-03-11T22:27:00.212177" level="INFO">Executing JavaScript:
var event = new Event('change'); document.querySelector('[name="group_desc_en"]').dispatchEvent(event);
Without any arguments.</msg>
<arg>var event = new Event('change'); document.querySelector('[name="group_desc_en"]').dispatchEvent(event);</arg>
<doc>Executes the given JavaScript code with possible arguments.</doc>
<status status="PASS" start="2025-03-11T22:27:00.212177" elapsed="0.002698"/>
</kw>
<kw name="Run Keyword And Ignore Error" owner="BuiltIn">
<kw name="Capture Page Screenshot" owner="SeleniumLibrary">
<msg time="2025-03-11T22:27:00.265226" level="INFO" html="true">&lt;/td&gt;&lt;/tr&gt;&lt;tr&gt;&lt;td colspan="3"&gt;&lt;a href="debug_group_desc_en_19.png"&gt;&lt;img src="debug_group_desc_en_19.png" width="800px"&gt;&lt;/a&gt;</msg>
<arg>filename=debug_group_desc_en_{index}.png</arg>
<doc>Takes a screenshot of the current page and embeds it into a log file.</doc>
<status status="PASS" start="2025-03-11T22:27:00.215902" elapsed="0.049324"/>
</kw>
<arg>Capture Page Screenshot</arg>
<arg>filename=debug_group_desc_en_{index}.png</arg>
<doc>Runs the given keyword with the given arguments and ignores possible error.</doc>
<status status="PASS" start="2025-03-11T22:27:00.214875" elapsed="0.051348"/>
</kw>
<kw name="Wait Until Element Is Visible" owner="SeleniumLibrary">
<arg>name=group_desc_zh</arg>
<arg>timeout=10s</arg>
<doc>Waits until the element ``locator`` is visible.</doc>
<status status="PASS" start="2025-03-11T22:27:00.266223" elapsed="0.007535"/>
</kw>
<kw name="Scroll Element Into View" owner="SeleniumLibrary">
<arg>name=group_desc_zh</arg>
<doc>Scrolls the element identified by ``locator`` into view.</doc>
<status status="PASS" start="2025-03-11T22:27:00.273758" elapsed="0.278552"/>
</kw>
<kw name="Execute Javascript" owner="SeleniumLibrary">
<msg time="2025-03-11T22:27:00.553817" level="INFO">Executing JavaScript:
document.querySelector('[name="group_desc_zh"]').value = "test";
Without any arguments.</msg>
<arg>document.querySelector('[name="group_desc_zh"]').value = "${desc_zh}";</arg>
<doc>Executes the given JavaScript code with possible arguments.</doc>
<status status="PASS" start="2025-03-11T22:27:00.552310" elapsed="0.004545"/>
</kw>
<kw name="Execute Javascript" owner="SeleniumLibrary">
<msg time="2025-03-11T22:27:00.556855" level="INFO">Executing JavaScript:
var event = new Event('change'); document.querySelector('[name="group_desc_zh"]').dispatchEvent(event);
Without any arguments.</msg>
<arg>var event = new Event('change'); document.querySelector('[name="group_desc_zh"]').dispatchEvent(event);</arg>
<doc>Executes the given JavaScript code with possible arguments.</doc>
<status status="PASS" start="2025-03-11T22:27:00.556855" elapsed="0.002992"/>
</kw>
<kw name="Run Keyword And Ignore Error" owner="BuiltIn">
<kw name="Capture Page Screenshot" owner="SeleniumLibrary">
<msg time="2025-03-11T22:27:00.626164" level="INFO" html="true">&lt;/td&gt;&lt;/tr&gt;&lt;tr&gt;&lt;td colspan="3"&gt;&lt;a href="debug_group_desc_zh_19.png"&gt;&lt;img src="debug_group_desc_zh_19.png" width="800px"&gt;&lt;/a&gt;</msg>
<arg>filename=debug_group_desc_zh_{index}.png</arg>
<doc>Takes a screenshot of the current page and embeds it into a log file.</doc>
<status status="PASS" start="2025-03-11T22:27:00.560880" elapsed="0.065284"/>
</kw>
<arg>Capture Page Screenshot</arg>
<arg>filename=debug_group_desc_zh_{index}.png</arg>
<doc>Runs the given keyword with the given arguments and ignores possible error.</doc>
<status status="PASS" start="2025-03-11T22:27:00.560880" elapsed="0.065284"/>
</kw>
<kw name="Wait Until Element Is Visible" owner="SeleniumLibrary">
<arg>name=group_detail_th</arg>
<arg>timeout=10s</arg>
<doc>Waits until the element ``locator`` is visible.</doc>
<status status="PASS" start="2025-03-11T22:27:00.626164" elapsed="0.009145"/>
</kw>
<kw name="Scroll Element Into View" owner="SeleniumLibrary">
<arg>name=group_detail_th</arg>
<doc>Scrolls the element identified by ``locator`` into view.</doc>
<status status="PASS" start="2025-03-11T22:27:00.635309" elapsed="0.272585"/>
</kw>
<kw name="Execute Javascript" owner="SeleniumLibrary">
<msg time="2025-03-11T22:27:00.907894" level="INFO">Executing JavaScript:
document.querySelector('[name="group_detail_th"]').value = "test";
Without any arguments.</msg>
<arg>document.querySelector('[name="group_detail_th"]').value = "${detail_th}";</arg>
<doc>Executes the given JavaScript code with possible arguments.</doc>
<status status="PASS" start="2025-03-11T22:27:00.907894" elapsed="0.003022"/>
</kw>
<kw name="Execute Javascript" owner="SeleniumLibrary">
<msg time="2025-03-11T22:27:00.911882" level="INFO">Executing JavaScript:
var event = new Event('change'); document.querySelector('[name="group_detail_th"]').dispatchEvent(event);
Without any arguments.</msg>
<arg>var event = new Event('change'); document.querySelector('[name="group_detail_th"]').dispatchEvent(event);</arg>
<doc>Executes the given JavaScript code with possible arguments.</doc>
<status status="PASS" start="2025-03-11T22:27:00.911882" elapsed="0.002027"/>
</kw>
<kw name="Run Keyword And Ignore Error" owner="BuiltIn">
<kw name="Capture Page Screenshot" owner="SeleniumLibrary">
<msg time="2025-03-11T22:27:00.964146" level="INFO" html="true">&lt;/td&gt;&lt;/tr&gt;&lt;tr&gt;&lt;td colspan="3"&gt;&lt;a href="debug_group_detail_th_18.png"&gt;&lt;img src="debug_group_detail_th_18.png" width="800px"&gt;&lt;/a&gt;</msg>
<arg>filename=debug_group_detail_th_{index}.png</arg>
<doc>Takes a screenshot of the current page and embeds it into a log file.</doc>
<status status="PASS" start="2025-03-11T22:27:00.915000" elapsed="0.049146"/>
</kw>
<arg>Capture Page Screenshot</arg>
<arg>filename=debug_group_detail_th_{index}.png</arg>
<doc>Runs the given keyword with the given arguments and ignores possible error.</doc>
<status status="PASS" start="2025-03-11T22:27:00.913909" elapsed="0.050237"/>
</kw>
<kw name="Wait Until Element Is Visible" owner="SeleniumLibrary">
<arg>name=group_detail_en</arg>
<arg>timeout=10s</arg>
<doc>Waits until the element ``locator`` is visible.</doc>
<status status="PASS" start="2025-03-11T22:27:00.964146" elapsed="0.007491"/>
</kw>
<kw name="Scroll Element Into View" owner="SeleniumLibrary">
<msg time="2025-03-11T22:27:01.026268" level="INFO" html="true">&lt;/td&gt;&lt;/tr&gt;&lt;tr&gt;&lt;td colspan="3"&gt;&lt;a href="selenium-screenshot-30.png"&gt;&lt;img src="selenium-screenshot-30.png" width="800px"&gt;&lt;/a&gt;</msg>
<msg time="2025-03-11T22:27:01.026268" level="FAIL">MoveTargetOutOfBoundsException: Message: Move target (984, 766) is out of bounds of viewport dimensions (1536, 731)
Stacktrace:
RemoteError@chrome://remote/content/shared/RemoteError.sys.mjs:8:8
WebDriverError@chrome://remote/content/shared/webdriver/Errors.sys.mjs:193:5
MoveTargetOutOfBoundsError@chrome://remote/content/shared/webdriver/Errors.sys.mjs:479:5
assertInViewPort@chrome://remote/content/shared/webdriver/Actions.sys.mjs:2363:11
dispatch@chrome://remote/content/shared/webdriver/Actions.sys.mjs:1144:21
dispatch/pendingEvents&lt;@chrome://remote/content/shared/webdriver/Actions.sys.mjs:2019:14
dispatch@chrome://remote/content/shared/webdriver/Actions.sys.mjs:2018:39
dispatch/chainEvents&lt;@chrome://remote/content/shared/webdriver/Actions.sys.mjs:1929:27
dispatch@chrome://remote/content/shared/webdriver/Actions.sys.mjs:1931:7
performActions@chrome://remote/content/marionette/actors/MarionetteCommandsChild.sys.mjs:493:23
receiveMessage@chrome://remote/content/marionette/actors/MarionetteCommandsChild.sys.mjs:144:31
</msg>
<arg>name=group_detail_en</arg>
<doc>Scrolls the element identified by ``locator`` into view.</doc>
<status status="FAIL" start="2025-03-11T22:27:00.971637" elapsed="0.057622">MoveTargetOutOfBoundsException: Message: Move target (984, 766) is out of bounds of viewport dimensions (1536, 731)
Stacktrace:
RemoteError@chrome://remote/content/shared/RemoteError.sys.mjs:8:8
WebDriverError@chrome://remote/content/shared/webdriver/Errors.sys.mjs:193:5
MoveTargetOutOfBoundsError@chrome://remote/content/shared/webdriver/Errors.sys.mjs:479:5
assertInViewPort@chrome://remote/content/shared/webdriver/Actions.sys.mjs:2363:11
dispatch@chrome://remote/content/shared/webdriver/Actions.sys.mjs:1144:21
dispatch/pendingEvents&lt;@chrome://remote/content/shared/webdriver/Actions.sys.mjs:2019:14
dispatch@chrome://remote/content/shared/webdriver/Actions.sys.mjs:2018:39
dispatch/chainEvents&lt;@chrome://remote/content/shared/webdriver/Actions.sys.mjs:1929:27
dispatch@chrome://remote/content/shared/webdriver/Actions.sys.mjs:1931:7
performActions@chrome://remote/content/marionette/actors/MarionetteCommandsChild.sys.mjs:493:23
receiveMessage@chrome://remote/content/marionette/actors/MarionetteCommandsChild.sys.mjs:144:31
</status>
</kw>
<kw name="Execute Javascript" owner="SeleniumLibrary">
<arg>document.querySelector('[name="group_detail_en"]').value = "${detail_en}";</arg>
<doc>Executes the given JavaScript code with possible arguments.</doc>
<status status="NOT RUN" start="2025-03-11T22:27:01.029259" elapsed="0.000000"/>
</kw>
<kw name="Execute Javascript" owner="SeleniumLibrary">
<arg>var event = new Event('change'); document.querySelector('[name="group_detail_en"]').dispatchEvent(event);</arg>
<doc>Executes the given JavaScript code with possible arguments.</doc>
<status status="NOT RUN" start="2025-03-11T22:27:01.029259" elapsed="0.000000"/>
</kw>
<kw name="Run Keyword And Ignore Error" owner="BuiltIn">
<arg>Capture Page Screenshot</arg>
<arg>filename=debug_group_detail_en_{index}.png</arg>
<doc>Runs the given keyword with the given arguments and ignores possible error.</doc>
<status status="NOT RUN" start="2025-03-11T22:27:01.030257" elapsed="0.000000"/>
</kw>
<kw name="Wait Until Element Is Visible" owner="SeleniumLibrary">
<arg>name=group_detail_zh</arg>
<arg>timeout=10s</arg>
<doc>Waits until the element ``locator`` is visible.</doc>
<status status="NOT RUN" start="2025-03-11T22:27:01.030257" elapsed="0.000000"/>
</kw>
<kw name="Scroll Element Into View" owner="SeleniumLibrary">
<arg>name=group_detail_zh</arg>
<doc>Scrolls the element identified by ``locator`` into view.</doc>
<status status="NOT RUN" start="2025-03-11T22:27:01.030257" elapsed="0.000000"/>
</kw>
<kw name="Execute Javascript" owner="SeleniumLibrary">
<arg>document.querySelector('[name="group_detail_zh"]').value = "${detail_zh}";</arg>
<doc>Executes the given JavaScript code with possible arguments.</doc>
<status status="NOT RUN" start="2025-03-11T22:27:01.030257" elapsed="0.000000"/>
</kw>
<kw name="Execute Javascript" owner="SeleniumLibrary">
<arg>var event = new Event('change'); document.querySelector('[name="group_detail_zh"]').dispatchEvent(event);</arg>
<doc>Executes the given JavaScript code with possible arguments.</doc>
<status status="NOT RUN" start="2025-03-11T22:27:01.030257" elapsed="0.000000"/>
</kw>
<kw name="Run Keyword And Ignore Error" owner="BuiltIn">
<arg>Capture Page Screenshot</arg>
<arg>filename=debug_group_detail_zh_{index}.png</arg>
<doc>Runs the given keyword with the given arguments and ignores possible error.</doc>
<status status="NOT RUN" start="2025-03-11T22:27:01.030257" elapsed="0.000000"/>
</kw>
<kw name="Wait Until Element Is Visible" owner="SeleniumLibrary">
<arg>id=head0</arg>
<arg>timeout=10s</arg>
<doc>Waits until the element ``locator`` is visible.</doc>
<status status="NOT RUN" start="2025-03-11T22:27:01.030257" elapsed="0.000000"/>
</kw>
<kw name="Wait Until Page Contains Element" owner="SeleniumLibrary">
<arg>css=.select2-container</arg>
<arg>timeout=15s</arg>
<doc>Waits until the element ``locator`` appears on the current page.</doc>
<status status="NOT RUN" start="2025-03-11T22:27:01.030257" elapsed="0.000000"/>
</kw>
<kw name="Scroll Element Into View" owner="SeleniumLibrary">
<arg>id=head0</arg>
<doc>Scrolls the element identified by ``locator`` into view.</doc>
<status status="NOT RUN" start="2025-03-11T22:27:01.030257" elapsed="0.000000"/>
</kw>
<kw name="Set Variable" owner="BuiltIn">
<var>${head_value}</var>
<arg>some_value</arg>
<doc>Returns the given values which can then be assigned to a variables.</doc>
<status status="NOT RUN" start="2025-03-11T22:27:01.030257" elapsed="0.000000"/>
</kw>
<kw name="Execute Javascript" owner="SeleniumLibrary">
<arg>$("#head0").val("${head_value}").trigger("change");</arg>
<doc>Executes the given JavaScript code with possible arguments.</doc>
<status status="NOT RUN" start="2025-03-11T22:27:01.031254" elapsed="0.000000"/>
</kw>
<kw name="Wait Until Element Is Visible" owner="SeleniumLibrary">
<arg>css=span[id='select2-head0-container']</arg>
<arg>timeout=2s</arg>
<doc>Waits until the element ``locator`` is visible.</doc>
<status status="NOT RUN" start="2025-03-11T22:27:01.031254" elapsed="0.000000"/>
</kw>
<kw name="Run Keyword And Ignore Error" owner="BuiltIn">
<arg>Capture Page Screenshot</arg>
<arg>filename=debug_group_head_selected_{index}.png</arg>
<doc>Runs the given keyword with the given arguments and ignores possible error.</doc>
<status status="NOT RUN" start="2025-03-11T22:27:01.031254" elapsed="0.000000"/>
</kw>
<kw name="Wait Until Element Is Visible" owner="SeleniumLibrary">
<arg>id=add-btn2</arg>
<arg>timeout=10s</arg>
<doc>Waits until the element ``locator`` is visible.</doc>
<status status="NOT RUN" start="2025-03-11T22:27:01.031254" elapsed="0.000000"/>
</kw>
<kw name="Wait Until Element Is Enabled" owner="SeleniumLibrary">
<arg>id=add-btn2</arg>
<arg>timeout=10s</arg>
<doc>Waits until the element ``locator`` is enabled.</doc>
<status status="NOT RUN" start="2025-03-11T22:27:01.031758" elapsed="0.000000"/>
</kw>
<kw name="Scroll Element Into View" owner="SeleniumLibrary">
<arg>id=add-btn2</arg>
<doc>Scrolls the element identified by ``locator`` into view.</doc>
<status status="NOT RUN" start="2025-03-11T22:27:01.031758" elapsed="0.000000"/>
</kw>
<kw name="Execute Javascript" owner="SeleniumLibrary">
<arg>document.getElementById('add-btn2').click();</arg>
<doc>Executes the given JavaScript code with possible arguments.</doc>
<status status="NOT RUN" start="2025-03-11T22:27:01.031758" elapsed="0.000000"/>
</kw>
<kw name="Wait Until Element Is Visible" owner="SeleniumLibrary">
<arg>id=selUser0</arg>
<arg>timeout=10s</arg>
<doc>Waits until the element ``locator`` is visible.</doc>
<status status="NOT RUN" start="2025-03-11T22:27:01.031758" elapsed="0.000000"/>
</kw>
<kw name="Scroll Element Into View" owner="SeleniumLibrary">
<arg>id=selUser0</arg>
<doc>Scrolls the element identified by ``locator`` into view.</doc>
<status status="NOT RUN" start="2025-03-11T22:27:01.031758" elapsed="0.000000"/>
</kw>
<kw name="Set Variable" owner="BuiltIn">
<var>${member_value}</var>
<arg>some_value</arg>
<doc>Returns the given values which can then be assigned to a variables.</doc>
<status status="NOT RUN" start="2025-03-11T22:27:01.031758" elapsed="0.000000"/>
</kw>
<kw name="Execute Javascript" owner="SeleniumLibrary">
<arg>$("#selUser0").val("${member_value}").trigger("change");</arg>
<doc>Executes the given JavaScript code with possible arguments.</doc>
<status status="NOT RUN" start="2025-03-11T22:27:01.031758" elapsed="0.000000"/>
</kw>
<kw name="Wait Until Element Is Visible" owner="SeleniumLibrary">
<arg>css=span[id='select2-selUser0-container']</arg>
<arg>timeout=2s</arg>
<doc>Waits until the element ``locator`` is visible.</doc>
<status status="NOT RUN" start="2025-03-11T22:27:01.031758" elapsed="0.000000"/>
</kw>
<kw name="Run Keyword And Ignore Error" owner="BuiltIn">
<arg>Capture Page Screenshot</arg>
<arg>filename=debug_group_member_selected_{index}.png</arg>
<doc>Runs the given keyword with the given arguments and ignores possible error.</doc>
<status status="NOT RUN" start="2025-03-11T22:27:01.031758" elapsed="0.000000"/>
</kw>
<kw name="Get Element Attribute" owner="SeleniumLibrary">
<var>${group_name_th_value}</var>
<arg>name=group_name_th</arg>
<arg>value</arg>
<doc>Returns the value of ``attribute`` from the element ``locator``.</doc>
<status status="NOT RUN" start="2025-03-11T22:27:01.031758" elapsed="0.000000"/>
</kw>
<kw name="Should Be Equal" owner="BuiltIn">
<arg>${group_name_th_value}</arg>
<arg>${name_th}</arg>
<arg>msg=Failed to input Group Name (Thai)</arg>
<doc>Fails if the given objects are unequal.</doc>
<status status="NOT RUN" start="2025-03-11T22:27:01.032757" elapsed="0.000000"/>
</kw>
<arg>${GROUP_NAME_TH}</arg>
<arg>${GROUP_NAME_EN}</arg>
<arg>${GROUP_DESC_TH}</arg>
<arg>${GROUP_DESC_EN}</arg>
<arg>${GROUP_DESC_ZH}</arg>
<arg>${GROUP_DETAIL_TH}</arg>
<arg>${GROUP_DETAIL_EN}</arg>
<arg>${GROUP_DETAIL_ZH}</arg>
<arg>${GROUP_HEAD}</arg>
<arg>${GROUP_MEMBER}</arg>
<status status="FAIL" start="2025-03-11T22:26:58.843703" elapsed="2.189054">MoveTargetOutOfBoundsException: Message: Move target (984, 766) is out of bounds of viewport dimensions (1536, 731)
Stacktrace:
RemoteError@chrome://remote/content/shared/RemoteError.sys.mjs:8:8
WebDriverError@chrome://remote/content/shared/webdriver/Errors.sys.mjs:193:5
MoveTargetOutOfBoundsError@chrome://remote/content/shared/webdriver/Errors.sys.mjs:479:5
assertInViewPort@chrome://remote/content/shared/webdriver/Actions.sys.mjs:2363:11
dispatch@chrome://remote/content/shared/webdriver/Actions.sys.mjs:1144:21
dispatch/pendingEvents&lt;@chrome://remote/content/shared/webdriver/Actions.sys.mjs:2019:14
dispatch@chrome://remote/content/shared/webdriver/Actions.sys.mjs:2018:39
dispatch/chainEvents&lt;@chrome://remote/content/shared/webdriver/Actions.sys.mjs:1929:27
dispatch@chrome://remote/content/shared/webdriver/Actions.sys.mjs:1931:7
performActions@chrome://remote/content/marionette/actors/MarionetteCommandsChild.sys.mjs:493:23
receiveMessage@chrome://remote/content/marionette/actors/MarionetteCommandsChild.sys.mjs:144:31
</status>
</kw>
<kw name="Wait Until Element Is Visible" owner="SeleniumLibrary">
<arg>xpath://button[@type='submit']</arg>
<arg>timeout=10s</arg>
<doc>Waits until the element ``locator`` is visible.</doc>
<status status="NOT RUN" start="2025-03-11T22:27:01.032757" elapsed="0.000000"/>
</kw>
<kw name="Run Keyword And Return Status" owner="BuiltIn">
<var>${is_enabled}</var>
<arg>Wait Until Element Is Enabled</arg>
<arg>xpath://button[@type='submit']</arg>
<arg>timeout=5s</arg>
<doc>Runs the given keyword with given arguments and returns the status as a Boolean value.</doc>
<status status="NOT RUN" start="2025-03-11T22:27:01.032757" elapsed="0.000000"/>
</kw>
<kw name="Run Keyword If" owner="BuiltIn">
<arg>not ${is_enabled}</arg>
<arg>Fail</arg>
<arg>Submit button is disabled, possible validation error</arg>
<doc>Runs the given keyword with the given arguments, if ``condition`` is true.</doc>
<status status="NOT RUN" start="2025-03-11T22:27:01.033755" elapsed="0.000000"/>
</kw>
<kw name="Run Keyword If" owner="BuiltIn">
<arg>not ${is_enabled}</arg>
<arg>Capture Page Screenshot</arg>
<arg>submit_disabled.png</arg>
<doc>Runs the given keyword with the given arguments, if ``condition`` is true.</doc>
<status status="NOT RUN" start="2025-03-11T22:27:01.033755" elapsed="0.000000"/>
</kw>
<kw name="Run Keyword And Return Status" owner="BuiltIn">
<var>${validation_error}</var>
<arg>Page Should Contain Element</arg>
<arg>xpath://*[contains(@class, 'text-danger')]</arg>
<arg>timeout=5s</arg>
<doc>Runs the given keyword with given arguments and returns the status as a Boolean value.</doc>
<status status="NOT RUN" start="2025-03-11T22:27:01.033755" elapsed="0.000000"/>
</kw>
<kw name="Run Keyword If" owner="BuiltIn">
<arg>${validation_error}</arg>
<arg>Fail</arg>
<arg>Validation error found on form</arg>
<doc>Runs the given keyword with the given arguments, if ``condition`` is true.</doc>
<status status="NOT RUN" start="2025-03-11T22:27:01.033755" elapsed="0.000000"/>
</kw>
<kw name="Run Keyword If" owner="BuiltIn">
<arg>${validation_error}</arg>
<arg>Capture Page Screenshot</arg>
<arg>validation_error.png</arg>
<doc>Runs the given keyword with the given arguments, if ``condition`` is true.</doc>
<status status="NOT RUN" start="2025-03-11T22:27:01.034783" elapsed="0.000000"/>
</kw>
<kw name="Scroll Element Into View" owner="SeleniumLibrary">
<arg>xpath://button[@type='submit']</arg>
<doc>Scrolls the element identified by ``locator`` into view.</doc>
<status status="NOT RUN" start="2025-03-11T22:27:01.034783" elapsed="0.000000"/>
</kw>
<kw name="Execute Javascript" owner="SeleniumLibrary">
<arg>document.querySelector('button[type="submit"]').click();</arg>
<doc>Executes the given JavaScript code with possible arguments.</doc>
<status status="NOT RUN" start="2025-03-11T22:27:01.034783" elapsed="0.000000"/>
</kw>
<kw name="Wait Until Page Contains" owner="SeleniumLibrary">
<arg>success</arg>
<arg>timeout=15s</arg>
<doc>Waits until ``text`` appears on the current page.</doc>
<status status="NOT RUN" start="2025-03-11T22:27:01.034783" elapsed="0.000000"/>
</kw>
<kw name="Get Location" owner="SeleniumLibrary">
<var>${current_url}</var>
<doc>Returns the current browser window URL.</doc>
<status status="NOT RUN" start="2025-03-11T22:27:01.035779" elapsed="0.000000"/>
</kw>
<kw name="Log To Console" owner="BuiltIn">
<arg>Current URL after submit: ${current_url}</arg>
<doc>Logs the given message to the console.</doc>
<status status="NOT RUN" start="2025-03-11T22:27:01.035779" elapsed="0.000000"/>
</kw>
<kw name="Run Keyword If" owner="BuiltIn">
<arg>'${current_url}' != '${RESEARCH_GROUPS_URL}'</arg>
<arg>Go To</arg>
<arg>${RESEARCH_GROUPS_URL}</arg>
<doc>Runs the given keyword with the given arguments, if ``condition`` is true.</doc>
<status status="NOT RUN" start="2025-03-11T22:27:01.035779" elapsed="0.000000"/>
</kw>
<kw name="Reload Page" owner="SeleniumLibrary">
<doc>Simulates user reloading page.</doc>
<status status="NOT RUN" start="2025-03-11T22:27:01.036777" elapsed="0.000000"/>
</kw>
<kw name="Wait For Table Load">
<status status="NOT RUN" start="2025-03-11T22:27:01.036987" elapsed="0.000000"/>
</kw>
<kw name="Run Keyword And Return Status" owner="BuiltIn">
<var>${status}</var>
<arg>Wait Until Page Contains</arg>
<arg>research group created successfully</arg>
<arg>timeout=3s</arg>
<doc>Runs the given keyword with given arguments and returns the status as a Boolean value.</doc>
<status status="NOT RUN" start="2025-03-11T22:27:01.037242" elapsed="0.000000"/>
</kw>
<kw name="Run Keyword If" owner="BuiltIn">
<arg>not ${status}</arg>
<arg>Log To Console</arg>
<arg>Warning: 'research group created successfully' not found, checking table for ${GROUP_NAME_TH}</arg>
<doc>Runs the given keyword with the given arguments, if ``condition`` is true.</doc>
<status status="NOT RUN" start="2025-03-11T22:27:01.037449" elapsed="0.000000"/>
</kw>
<kw name="Search In DataTable">
<arg>${GROUP_NAME_TH}</arg>
<status status="NOT RUN" start="2025-03-11T22:27:01.037665" elapsed="0.000000"/>
</kw>
<kw name="Wait Until Page Contains Element" owner="SeleniumLibrary">
<arg>xpath://table/tbody/tr[td[contains(text(), '${GROUP_NAME_TH}')]]</arg>
<arg>timeout=10s</arg>
<doc>Waits until the element ``locator`` appears on the current page.</doc>
<status status="NOT RUN" start="2025-03-11T22:27:01.038043" elapsed="0.000000"/>
</kw>
<kw name="Page Should Contain" owner="SeleniumLibrary">
<arg>${GROUP_NAME_TH}</arg>
<doc>Verifies that current page contains ``text``.</doc>
<status status="NOT RUN" start="2025-03-11T22:27:01.038043" elapsed="0.000000"/>
</kw>
<doc>Verify adding a new research group based on provided images</doc>
<status status="FAIL" start="2025-03-11T22:26:58.323271" elapsed="2.714772">MoveTargetOutOfBoundsException: Message: Move target (984, 766) is out of bounds of viewport dimensions (1536, 731)
Stacktrace:
RemoteError@chrome://remote/content/shared/RemoteError.sys.mjs:8:8
WebDriverError@chrome://remote/content/shared/webdriver/Errors.sys.mjs:193:5
MoveTargetOutOfBoundsError@chrome://remote/content/shared/webdriver/Errors.sys.mjs:479:5
assertInViewPort@chrome://remote/content/shared/webdriver/Actions.sys.mjs:2363:11
dispatch@chrome://remote/content/shared/webdriver/Actions.sys.mjs:1144:21
dispatch/pendingEvents&lt;@chrome://remote/content/shared/webdriver/Actions.sys.mjs:2019:14
dispatch@chrome://remote/content/shared/webdriver/Actions.sys.mjs:2018:39
dispatch/chainEvents&lt;@chrome://remote/content/shared/webdriver/Actions.sys.mjs:1929:27
dispatch@chrome://remote/content/shared/webdriver/Actions.sys.mjs:1931:7
performActions@chrome://remote/content/marionette/actors/MarionetteCommandsChild.sys.mjs:493:23
receiveMessage@chrome://remote/content/marionette/actors/MarionetteCommandsChild.sys.mjs:144:31
</status>
</test>
<test id="s1-t2" name="TC02 - View Research Group Details" line="60">
<kw name="Go To" owner="SeleniumLibrary">
<msg time="2025-03-11T22:27:01.040040" level="INFO">Opening url 'http://127.0.0.1:8000/researchGroups'</msg>
<arg>${RESEARCH_GROUPS_URL}</arg>
<doc>Navigates the current browser window to the provided ``url``.</doc>
<status status="PASS" start="2025-03-11T22:27:01.040040" elapsed="0.496643"/>
</kw>
<kw name="Wait For Table Load">
<kw name="Wait Until Page Contains Element" owner="SeleniumLibrary">
<arg>xpath://table</arg>
<arg>timeout=${timeout}</arg>
<doc>Waits until the element ``locator`` appears on the current page.</doc>
<status status="PASS" start="2025-03-11T22:27:01.537680" elapsed="0.068159"/>
</kw>
<kw name="Log To Console" owner="BuiltIn">
<arg>Table loaded successfully</arg>
<doc>Logs the given message to the console.</doc>
<status status="PASS" start="2025-03-11T22:27:01.605839" elapsed="0.000000"/>
</kw>
<status status="PASS" start="2025-03-11T22:27:01.536683" elapsed="0.070154"/>
</kw>
<kw name="Search In DataTable">
<kw name="Wait Until Element Is Visible" owner="SeleniumLibrary">
<arg>xpath://div[contains(@class, 'dataTables_filter')]//input[@type='search']</arg>
<arg>timeout=10s</arg>
<doc>Waits until the element ``locator`` is visible.</doc>
<status status="PASS" start="2025-03-11T22:27:01.606837" elapsed="0.017498"/>
</kw>
<kw name="Input Text" owner="SeleniumLibrary">
<msg time="2025-03-11T22:27:01.625331" level="INFO">Typing text 'test' into text field 'xpath://div[contains(@class, 'dataTables_filter')]//input[@type='search']'.</msg>
<arg>xpath://div[contains(@class, 'dataTables_filter')]//input[@type='search']</arg>
<arg>${search_text}</arg>
<doc>Types the given ``text`` into the text field identified by ``locator``.</doc>
<status status="PASS" start="2025-03-11T22:27:01.625331" elapsed="0.058270"/>
</kw>
<kw name="Wait Until Page Contains Element" owner="SeleniumLibrary">
<arg>xpath://table/tbody/tr</arg>
<arg>timeout=20s</arg>
<doc>Waits until the element ``locator`` appears on the current page.</doc>
<status status="PASS" start="2025-03-11T22:27:01.683601" elapsed="0.002206"/>
</kw>
<arg>${GROUP_NAME_TH}</arg>
<status status="PASS" start="2025-03-11T22:27:01.606837" elapsed="0.078970"/>
</kw>
<kw name="Get Element Count" owner="SeleniumLibrary">
<msg time="2025-03-11T22:27:01.688647" level="INFO">${row} = 0</msg>
<var>${row}</var>
<arg>xpath://table/tbody/tr[td[contains(text(), '${GROUP_NAME_TH}')]]</arg>
<doc>Returns the number of elements matching ``locator``.</doc>
<status status="PASS" start="2025-03-11T22:27:01.686826" elapsed="0.001821"/>
</kw>
<kw name="Run Keyword If" owner="BuiltIn">
<kw name="Fail" owner="BuiltIn">
<msg time="2025-03-11T22:27:01.689647" level="FAIL">test not found in table after search</msg>
<arg>${GROUP_NAME_TH} not found in table after search</arg>
<doc>Fails the test with the given message and optionally alters its tags.</doc>
<status status="FAIL" start="2025-03-11T22:27:01.689647" elapsed="0.000000">test not found in table after search</status>
</kw>
<arg>${row} &gt; 0</arg>
<arg>Click View Button By Text</arg>
<arg>${GROUP_NAME_TH}</arg>
<arg>ELSE</arg>
<arg>Fail</arg>
<arg>${GROUP_NAME_TH} not found in table after search</arg>
<doc>Runs the given keyword with the given arguments, if ``condition`` is true.</doc>
<status status="FAIL" start="2025-03-11T22:27:01.689647" elapsed="0.000000">test not found in table after search</status>
</kw>
<kw name="Wait For Page Load">
<status status="NOT RUN" start="2025-03-11T22:27:01.690645" elapsed="0.000000"/>
</kw>
<kw name="Get Location" owner="SeleniumLibrary">
<var>${current_url}</var>
<doc>Returns the current browser window URL.</doc>
<status status="NOT RUN" start="2025-03-11T22:27:01.690645" elapsed="0.000000"/>
</kw>
<kw name="Log To Console" owner="BuiltIn">
<arg>Current URL after view: ${current_url}</arg>
<doc>Logs the given message to the console.</doc>
<status status="NOT RUN" start="2025-03-11T22:27:01.690645" elapsed="0.000000"/>
</kw>
<kw name="Wait Until Page Contains Element" owner="SeleniumLibrary">
<arg>xpath://h4[contains(text(), 'Research Group')]</arg>
<arg>timeout=10s</arg>
<doc>Waits until the element ``locator`` appears on the current page.</doc>
<status status="NOT RUN" start="2025-03-11T22:27:01.690645" elapsed="0.000999"/>
</kw>
<kw name="Page Should Contain" owner="SeleniumLibrary">
<arg>${GROUP_NAME_TH}</arg>
<doc>Verifies that current page contains ``text``.</doc>
<status status="NOT RUN" start="2025-03-11T22:27:01.691644" elapsed="0.000000"/>
</kw>
<kw name="Page Should Contain" owner="SeleniumLibrary">
<arg>${GROUP_NAME_EN}</arg>
<doc>Verifies that current page contains ``text``.</doc>
<status status="NOT RUN" start="2025-03-11T22:27:01.691644" elapsed="0.000000"/>
</kw>
<kw name="Page Should Contain" owner="SeleniumLibrary">
<arg>${GROUP_DESC_TH}</arg>
<doc>Verifies that current page contains ``text``.</doc>
<status status="NOT RUN" start="2025-03-11T22:27:01.691644" elapsed="0.000000"/>
</kw>
<kw name="Page Should Contain" owner="SeleniumLibrary">
<arg>${GROUP_DESC_EN}</arg>
<doc>Verifies that current page contains ``text``.</doc>
<status status="NOT RUN" start="2025-03-11T22:27:01.692639" elapsed="0.000000"/>
</kw>
<kw name="Page Should Contain" owner="SeleniumLibrary">
<arg>${GROUP_DESC_ZH}</arg>
<doc>Verifies that current page contains ``text``.</doc>
<status status="NOT RUN" start="2025-03-11T22:27:01.692639" elapsed="0.000000"/>
</kw>
<kw name="Page Should Contain" owner="SeleniumLibrary">
<arg>${GROUP_DETAIL_TH}</arg>
<doc>Verifies that current page contains ``text``.</doc>
<status status="NOT RUN" start="2025-03-11T22:27:01.692639" elapsed="0.000000"/>
</kw>
<kw name="Page Should Contain" owner="SeleniumLibrary">
<arg>${GROUP_DETAIL_EN}</arg>
<doc>Verifies that current page contains ``text``.</doc>
<status status="NOT RUN" start="2025-03-11T22:27:01.692639" elapsed="0.000000"/>
</kw>
<kw name="Page Should Contain" owner="SeleniumLibrary">
<arg>${GROUP_DETAIL_ZH}</arg>
<doc>Verifies that current page contains ``text``.</doc>
<status status="NOT RUN" start="2025-03-11T22:27:01.692639" elapsed="0.000000"/>
</kw>
<kw name="Convert To Lowercase">
<var>${head_lowercase}</var>
<arg>${GROUP_HEAD}</arg>
<status status="NOT RUN" start="2025-03-11T22:27:01.693636" elapsed="0.000000"/>
</kw>
<kw name="Page Should Contain Element" owner="SeleniumLibrary">
<arg>xpath://p[contains(translate(text(), 'ABCDEFGHIJKLMNOPQRSTUVWXYZ', 'abcdefghijklmnopqrstuvwxyz'), '${head_lowercase}')]</arg>
<doc>Verifies that element ``locator`` is found on the current page.</doc>
<status status="NOT RUN" start="2025-03-11T22:27:01.693636" elapsed="0.000000"/>
</kw>
<kw name="Convert To Lowercase">
<var>${member_lowercase}</var>
<arg>${GROUP_MEMBER}</arg>
<status status="NOT RUN" start="2025-03-11T22:27:01.693636" elapsed="0.000000"/>
</kw>
<kw name="Page Should Contain Element" owner="SeleniumLibrary">
<arg>xpath://p[contains(translate(text(), 'ABCDEFGHIJKLMNOPQRSTUVWXYZ', 'abcdefghijklmnopqrstuvwxyz'), '${member_lowercase}')]</arg>
<doc>Verifies that element ``locator`` is found on the current page.</doc>
<status status="NOT RUN" start="2025-03-11T22:27:01.693636" elapsed="0.000000"/>
</kw>
<kw name="Scroll Element Into View" owner="SeleniumLibrary">
<arg>xpath://a[contains(text(), 'Back')]</arg>
<doc>Scrolls the element identified by ``locator`` into view.</doc>
<status status="NOT RUN" start="2025-03-11T22:27:01.693636" elapsed="0.000000"/>
</kw>
<kw name="Wait Until Element Is Visible" owner="SeleniumLibrary">
<arg>xpath://a[contains(text(), 'Back')]</arg>
<arg>timeout=2s</arg>
<doc>Waits until the element ``locator`` is visible.</doc>
<status status="NOT RUN" start="2025-03-11T22:27:01.693636" elapsed="0.000000"/>
</kw>
<kw name="Click Element" owner="SeleniumLibrary">
<arg>xpath://a[contains(text(), 'Back')]</arg>
<doc>Click the element identified by ``locator``.</doc>
<status status="NOT RUN" start="2025-03-11T22:27:01.693636" elapsed="0.000000"/>
</kw>
<kw name="Wait For Table Load">
<status status="NOT RUN" start="2025-03-11T22:27:01.695014" elapsed="0.000000"/>
</kw>
<doc>Verify viewing details of a newly created research group</doc>
<status status="FAIL" start="2025-03-11T22:27:01.040040" elapsed="0.654974">test not found in table after search</status>
</test>
<kw name="Close All Browsers" owner="SeleniumLibrary" type="TEARDOWN">
<doc>Closes all open browsers and resets the browser cache.</doc>
<status status="PASS" start="2025-03-11T22:27:01.695540" elapsed="3.009948"/>
</kw>
<doc>Test Suite for Research Groups Management System</doc>
<status status="FAIL" start="2025-03-11T22:26:48.753848" elapsed="15.951640"/>
</suite>
<statistics>
<total>
<stat pass="0" fail="2" skip="0">All Tests</stat>
</total>
<tag>
</tag>
<suite>
<stat name="userResearchGroupTestsuite" id="s1" pass="0" fail="2" skip="0">userResearchGroupTestsuite</stat>
</suite>
</statistics>
<errors>
</errors>
</robot>
