<?xml version="1.0" encoding="UTF-8"?>
<robot generator="Robot 7.2.2 (Python 3.13.2 on win32)" generated="2025-03-07T02:36:10.792326" rpa="false" schemaversion="5">
<suite id="s1" name="adminProgramsTestsuite" source="D:\sofproject\git-group-repository-group-6-sec-1\Source_code\Project_2-master\Project_2-master\tests\adminProgramsTestsuite.robot">
<kw name="Open Browser And Login" type="SETUP">
<kw name="Open Browser" owner="SeleniumLibrary">
<msg time="2025-03-07T02:36:11.279349" level="INFO">Opening browser 'Firefox' to base url 'http://127.0.0.1:8000/login'.</msg>
<arg>${LOGIN_URL}</arg>
<arg>${BROWSER}</arg>
<doc>Opens a new browser instance to the optional ``url``.</doc>
<status status="PASS" start="2025-03-07T02:36:11.278840" elapsed="8.000501"/>
</kw>
<kw name="Maximize Browser Window" owner="SeleniumLibrary">
<doc>Maximizes current browser window.</doc>
<status status="PASS" start="2025-03-07T02:36:19.279751" elapsed="0.352063"/>
</kw>
<kw name="Login To System">
<kw name="Wait Until Page Contains Element" owner="SeleniumLibrary">
<arg>id=username</arg>
<arg>15s</arg>
<doc>Waits until the element ``locator`` appears on the current page.</doc>
<status status="PASS" start="2025-03-07T02:36:19.632617" elapsed="0.048866"/>
</kw>
<kw name="Input Text" owner="SeleniumLibrary">
<msg time="2025-03-07T02:36:19.682233" level="INFO">Typing text 'admin@gmail.com' into text field 'id=username'.</msg>
<arg>id=username</arg>
<arg>${USERNAME}</arg>
<doc>Types the given ``text`` into the text field identified by ``locator``.</doc>
<status status="PASS" start="2025-03-07T02:36:19.681783" elapsed="0.170829"/>
</kw>
<kw name="Input Text" owner="SeleniumLibrary">
<msg time="2025-03-07T02:36:19.853319" level="INFO">Typing text '12345678' into text field 'id=password'.</msg>
<arg>id=password</arg>
<arg>${PASSWORD}</arg>
<doc>Types the given ``text`` into the text field identified by ``locator``.</doc>
<status status="PASS" start="2025-03-07T02:36:19.852910" elapsed="0.050646"/>
</kw>
<kw name="Click Button" owner="SeleniumLibrary">
<msg time="2025-03-07T02:36:19.904198" level="INFO">Clicking button 'xpath=//button[@type='submit']'.</msg>
<arg>xpath=//button[@type='submit']</arg>
<doc>Clicks the button identified by ``locator``.</doc>
<status status="PASS" start="2025-03-07T02:36:19.903871" elapsed="2.588181"/>
</kw>
<kw name="Wait Until Location Contains" owner="SeleniumLibrary">
<arg>${DASHBOARD_URL}</arg>
<arg>15s</arg>
<doc>Waits until the current URL contains ``expected``.</doc>
<status status="PASS" start="2025-03-07T02:36:22.492395" elapsed="0.003232"/>
</kw>
<kw name="Log To Console" owner="BuiltIn">
<arg>Login successful, redirected to: ${DASHBOARD_URL}</arg>
<doc>Logs the given message to the console.</doc>
<status status="PASS" start="2025-03-07T02:36:22.495916" elapsed="0.000634"/>
</kw>
<status status="PASS" start="2025-03-07T02:36:19.632249" elapsed="2.864513"/>
</kw>
<status status="PASS" start="2025-03-07T02:36:11.277558" elapsed="11.219335"/>
</kw>
<test id="s1-t1" name="TC43_ADMINPrograms - ตรวจสอบภาษาส่วนต่างๆ ของ UI22 ที่ http://127.0.0.1:8000/programs" line="152">
<kw name="Reset Language To English" type="SETUP">
<kw name="Go To" owner="SeleniumLibrary">
<msg time="2025-03-07T02:36:22.500177" level="INFO">Opening url 'http://127.0.0.1:8000/dashboard'</msg>
<arg>${DASHBOARD_URL}</arg>
<doc>Navigates the current browser window to the provided ``url``.</doc>
<status status="PASS" start="2025-03-07T02:36:22.500006" elapsed="0.560292"/>
</kw>
<kw name="Wait Until Element Is Visible" owner="SeleniumLibrary">
<arg>xpath=//a[contains(@class, 'nav-link dropdown-toggle')]</arg>
<arg>timeout=15s</arg>
<doc>Waits until the element ``locator`` is visible.</doc>
<status status="PASS" start="2025-03-07T02:36:23.060665" elapsed="0.035297"/>
</kw>
<kw name="Click Element" owner="SeleniumLibrary">
<msg time="2025-03-07T02:36:23.096498" level="INFO">Clicking element 'xpath=//a[contains(@class, 'nav-link dropdown-toggle')]'.</msg>
<arg>xpath=//a[contains(@class, 'nav-link dropdown-toggle')]</arg>
<doc>Click the element identified by ``locator``.</doc>
<status status="PASS" start="2025-03-07T02:36:23.096226" elapsed="0.246839"/>
</kw>
<kw name="Sleep" owner="BuiltIn">
<msg time="2025-03-07T02:36:25.343781" level="INFO">Slept 2 seconds.</msg>
<arg>2s</arg>
<doc>Pauses the test executed for the given time.</doc>
<status status="PASS" start="2025-03-07T02:36:23.343321" elapsed="2.000792"/>
</kw>
<kw name="Wait Until Element Is Visible" owner="SeleniumLibrary">
<arg>xpath=//div[contains(@class, 'dropdown-menu')]</arg>
<arg>timeout=10s</arg>
<doc>Waits until the element ``locator`` is visible.</doc>
<status status="PASS" start="2025-03-07T02:36:25.344730" elapsed="0.013358"/>
</kw>
<kw name="Get WebElements" owner="SeleniumLibrary">
<msg time="2025-03-07T02:36:25.362384" level="INFO">${dropdown_items} = [&lt;selenium.webdriver.remote.webelement.WebElement (session="bdf72951-4d12-461a-80cb-781b54319eaa", element="a9b3eaa1-bf2d-4729-9b26-144ed08418fd")&gt;, &lt;selenium.webdriver.remote.webelement.WebElement (s...</msg>
<var>${dropdown_items}</var>
<arg>xpath=//div[contains(@class, 'dropdown-menu')]//a</arg>
<doc>Returns a list of WebElement objects matching the ``locator``.</doc>
<status status="PASS" start="2025-03-07T02:36:25.358336" elapsed="0.004120"/>
</kw>
<for flavor="IN">
<iter>
<kw name="Get Text" owner="SeleniumLibrary">
<msg time="2025-03-07T02:36:25.374123" level="INFO">${text} = ไทย</msg>
<var>${text}</var>
<arg>${item}</arg>
<doc>Returns the text value of the element identified by ``locator``.</doc>
<status status="PASS" start="2025-03-07T02:36:25.363097" elapsed="0.011179"/>
</kw>
<kw name="Log To Console" owner="BuiltIn">
<arg>Dropdown item: ${text}</arg>
<doc>Logs the given message to the console.</doc>
<status status="PASS" start="2025-03-07T02:36:25.374633" elapsed="0.000689"/>
</kw>
<kw name="Run Keyword If" owner="BuiltIn">
<arg>'${text}' == 'English' or '${text}' == 'EN' or '${text}' == 'en'</arg>
<arg>Click Element</arg>
<arg>${item}</arg>
<doc>Runs the given keyword with the given arguments, if ``condition`` is true.</doc>
<status status="PASS" start="2025-03-07T02:36:25.375612" elapsed="0.000485"/>
</kw>
<var name="${item}">&lt;selenium.webdriver.remote.webelement.WebElement (session="bdf72951-4d12-461a-80cb-781b54319eaa", element="a9b3eaa1-bf2d-4729-9b26-144ed08418fd")&gt;</var>
<status status="PASS" start="2025-03-07T02:36:25.362922" elapsed="0.013281"/>
</iter>
<iter>
<kw name="Get Text" owner="SeleniumLibrary">
<msg time="2025-03-07T02:36:25.387378" level="INFO">${text} = 中国</msg>
<var>${text}</var>
<arg>${item}</arg>
<doc>Returns the text value of the element identified by ``locator``.</doc>
<status status="PASS" start="2025-03-07T02:36:25.376640" elapsed="0.010836"/>
</kw>
<kw name="Log To Console" owner="BuiltIn">
<arg>Dropdown item: ${text}</arg>
<doc>Logs the given message to the console.</doc>
<status status="PASS" start="2025-03-07T02:36:25.387780" elapsed="0.000704"/>
</kw>
<kw name="Run Keyword If" owner="BuiltIn">
<arg>'${text}' == 'English' or '${text}' == 'EN' or '${text}' == 'en'</arg>
<arg>Click Element</arg>
<arg>${item}</arg>
<doc>Runs the given keyword with the given arguments, if ``condition`` is true.</doc>
<status status="PASS" start="2025-03-07T02:36:25.388832" elapsed="0.000573"/>
</kw>
<var name="${item}">&lt;selenium.webdriver.remote.webelement.WebElement (session="bdf72951-4d12-461a-80cb-781b54319eaa", element="92e549e5-d945-4459-ae61-fa7aa00db192")&gt;</var>
<status status="PASS" start="2025-03-07T02:36:25.376465" elapsed="0.013125"/>
</iter>
<var>${item}</var>
<value>@{dropdown_items}</value>
<status status="PASS" start="2025-03-07T02:36:25.362624" elapsed="0.027097"/>
</for>
<kw name="Sleep" owner="BuiltIn">
<msg time="2025-03-07T02:36:27.390555" level="INFO">Slept 2 seconds.</msg>
<arg>2s</arg>
<doc>Pauses the test executed for the given time.</doc>
<status status="PASS" start="2025-03-07T02:36:25.390084" elapsed="2.000626"/>
</kw>
<kw name="Wait Until Page Contains Element" owner="SeleniumLibrary">
<arg>xpath=//span[contains(@class, 'flag-icon-us')]</arg>
<arg>10s</arg>
<doc>Waits until the element ``locator`` appears on the current page.</doc>
<status status="PASS" start="2025-03-07T02:36:27.391112" elapsed="0.004715"/>
</kw>
<kw name="Log To Console" owner="BuiltIn">
<arg>Reset language to English</arg>
<doc>Logs the given message to the console.</doc>
<status status="PASS" start="2025-03-07T02:36:27.396066" elapsed="0.000519"/>
</kw>
<status status="PASS" start="2025-03-07T02:36:22.499671" elapsed="4.897066"/>
</kw>
<kw name="Go To" owner="SeleniumLibrary">
<msg time="2025-03-07T02:36:27.397323" level="INFO">Opening url 'http://127.0.0.1:8000/programs'</msg>
<arg>${PROGRAMS_URL}</arg>
<doc>Navigates the current browser window to the provided ``url``.</doc>
<status status="PASS" start="2025-03-07T02:36:27.397082" elapsed="0.666861"/>
</kw>
<kw name="Verify Page Language">
<kw name="Wait Until Page Contains" owner="SeleniumLibrary">
<arg>${expected_text}</arg>
<arg>15s</arg>
<doc>Waits until ``text`` appears on the current page.</doc>
<status status="PASS" start="2025-03-07T02:36:28.065109" elapsed="0.120752"/>
</kw>
<kw name="Log To Console" owner="BuiltIn">
<arg>Verified page text: ${expected_text}</arg>
<doc>Logs the given message to the console.</doc>
<status status="PASS" start="2025-03-07T02:36:28.186239" elapsed="0.000996"/>
</kw>
<arg>Programs</arg>
<status status="PASS" start="2025-03-07T02:36:28.064546" elapsed="0.122937"/>
</kw>
<kw name="Verify Page Language">
<kw name="Wait Until Page Contains" owner="SeleniumLibrary">
<arg>${expected_text}</arg>
<arg>15s</arg>
<doc>Waits until ``text`` appears on the current page.</doc>
<status status="PASS" start="2025-03-07T02:36:28.189076" elapsed="0.014824"/>
</kw>
<kw name="Log To Console" owner="BuiltIn">
<arg>Verified page text: ${expected_text}</arg>
<doc>Logs the given message to the console.</doc>
<status status="PASS" start="2025-03-07T02:36:28.204172" elapsed="0.000679"/>
</kw>
<arg>Add Program</arg>
<status status="PASS" start="2025-03-07T02:36:28.188305" elapsed="0.016721"/>
</kw>
<kw name="Switch Language">
<kw name="Set Variable If" owner="BuiltIn">
<msg time="2025-03-07T02:36:28.206545" level="INFO">${lang_text} = ไทย</msg>
<var>${lang_text}</var>
<arg>'${lang}' == 'en'</arg>
<arg>English</arg>
<arg>'${lang}' == 'th'</arg>
<arg>ไทย</arg>
<arg>'${lang}' == 'zh'</arg>
<arg>中国</arg>
<doc>Sets variable based on the given condition.</doc>
<status status="PASS" start="2025-03-07T02:36:28.206105" elapsed="0.000532"/>
</kw>
<kw name="Go To" owner="SeleniumLibrary">
<msg time="2025-03-07T02:36:28.207010" level="INFO">Opening url 'http://127.0.0.1:8000/dashboard'</msg>
<arg>${DASHBOARD_URL}</arg>
<doc>Navigates the current browser window to the provided ``url``.</doc>
<status status="PASS" start="2025-03-07T02:36:28.206834" elapsed="0.503229"/>
</kw>
<kw name="Wait Until Element Is Visible" owner="SeleniumLibrary">
<arg>xpath=//a[contains(@class, 'nav-link dropdown-toggle')]</arg>
<arg>timeout=15s</arg>
<doc>Waits until the element ``locator`` is visible.</doc>
<status status="PASS" start="2025-03-07T02:36:28.710301" elapsed="0.036973"/>
</kw>
<kw name="Click Element" owner="SeleniumLibrary">
<msg time="2025-03-07T02:36:28.748053" level="INFO">Clicking element 'xpath=//a[contains(@class, 'nav-link dropdown-toggle')]'.</msg>
<arg>xpath=//a[contains(@class, 'nav-link dropdown-toggle')]</arg>
<doc>Click the element identified by ``locator``.</doc>
<status status="PASS" start="2025-03-07T02:36:28.747647" elapsed="0.227633"/>
</kw>
<kw name="Sleep" owner="BuiltIn">
<msg time="2025-03-07T02:36:30.976293" level="INFO">Slept 2 seconds.</msg>
<arg>2s</arg>
<doc>Pauses the test executed for the given time.</doc>
<status status="PASS" start="2025-03-07T02:36:28.975537" elapsed="2.000907"/>
</kw>
<kw name="Wait Until Element Is Visible" owner="SeleniumLibrary">
<arg>xpath=//div[contains(@class, 'dropdown-menu')]</arg>
<arg>timeout=10s</arg>
<doc>Waits until the element ``locator`` is visible.</doc>
<status status="PASS" start="2025-03-07T02:36:30.976674" elapsed="0.011548"/>
</kw>
<kw name="Get WebElements" owner="SeleniumLibrary">
<msg time="2025-03-07T02:36:30.992057" level="INFO">${dropdown_items} = [&lt;selenium.webdriver.remote.webelement.WebElement (session="bdf72951-4d12-461a-80cb-781b54319eaa", element="5e4cbb6b-045b-4250-b011-3618cdafd151")&gt;, &lt;selenium.webdriver.remote.webelement.WebElement (s...</msg>
<var>${dropdown_items}</var>
<arg>xpath=//div[contains(@class, 'dropdown-menu')]//a</arg>
<doc>Returns a list of WebElement objects matching the ``locator``.</doc>
<status status="PASS" start="2025-03-07T02:36:30.988459" elapsed="0.003680"/>
</kw>
<for flavor="IN">
<iter>
<kw name="Get Text" owner="SeleniumLibrary">
<msg time="2025-03-07T02:36:31.004393" level="INFO">${text} = ไทย</msg>
<var>${text}</var>
<arg>${item}</arg>
<doc>Returns the text value of the element identified by ``locator``.</doc>
<status status="PASS" start="2025-03-07T02:36:30.992937" elapsed="0.011537"/>
</kw>
<kw name="Log To Console" owner="BuiltIn">
<arg>Dropdown item: ${text}</arg>
<doc>Logs the given message to the console.</doc>
<status status="PASS" start="2025-03-07T02:36:31.004749" elapsed="0.000596"/>
</kw>
<kw name="Run Keyword If" owner="BuiltIn">
<kw name="Click Element" owner="SeleniumLibrary">
<msg time="2025-03-07T02:36:31.006376" level="INFO">Clicking element '&lt;selenium.webdriver.remote.webelement.WebElement (session="bdf72951-4d12-461a-80cb-781b54319eaa", element="5e4cbb6b-045b-4250-b011-3618cdafd151")&gt;'.</msg>
<arg>${item}</arg>
<doc>Click the element identified by ``locator``.</doc>
<status status="PASS" start="2025-03-07T02:36:31.006067" elapsed="0.763736"/>
</kw>
<arg>'${text}' == '${lang_text}'</arg>
<arg>Click Element</arg>
<arg>${item}</arg>
<doc>Runs the given keyword with the given arguments, if ``condition`` is true.</doc>
<status status="PASS" start="2025-03-07T02:36:31.005590" elapsed="0.764393"/>
</kw>
<var name="${item}">&lt;selenium.webdriver.remote.webelement.WebElement (session="bdf72951-4d12-461a-80cb-781b54319eaa", element="5e4cbb6b-045b-4250-b011-3618cdafd151")&gt;</var>
<status status="PASS" start="2025-03-07T02:36:30.992698" elapsed="0.777402"/>
</iter>
<iter>
<kw name="Get Text" owner="SeleniumLibrary">
<msg time="2025-03-07T02:36:31.876481" level="INFO" html="true">&lt;/td&gt;&lt;/tr&gt;&lt;tr&gt;&lt;td colspan="3"&gt;&lt;a href="selenium-screenshot-58.png"&gt;&lt;img src="selenium-screenshot-58.png" width="800px"&gt;&lt;/a&gt;</msg>
<msg time="2025-03-07T02:36:31.876944" level="FAIL">StaleElementReferenceException: Message: The element with the reference 7a5643ed-67a2-4b3f-a7a9-40eef0405e17 is stale; either its node document is not the active document, or it is no longer connected to the DOM; For documentation on this error, please visit: https://www.selenium.dev/documentation/webdriver/troubleshooting/errors#stale-element-reference-exception
Stacktrace:
RemoteError@chrome://remote/content/shared/RemoteError.sys.mjs:8:8
WebDriverError@chrome://remote/content/shared/webdriver/Errors.sys.mjs:197:5
StaleElementReferenceError@chrome://remote/content/shared/webdriver/Errors.sys.mjs:755:5
getKnownElement@chrome://remote/content/marionette/json.sys.mjs:405:11
deserializeJSON@chrome://remote/content/marionette/json.sys.mjs:263:20
cloneObject@chrome://remote/content/marionette/json.sys.mjs:59:24
deserializeJSON@chrome://remote/content/marionette/json.sys.mjs:293:16
json.deserialize@chrome://remote/content/marionette/json.sys.mjs:297:10
receiveMessage@chrome://remote/content/marionette/actors/MarionetteCommandsChild.sys.mjs:195:30
</msg>
<var>${text}</var>
<arg>${item}</arg>
<doc>Returns the text value of the element identified by ``locator``.</doc>
<status status="FAIL" start="2025-03-07T02:36:31.770583" elapsed="0.117901">StaleElementReferenceException: Message: The element with the reference 7a5643ed-67a2-4b3f-a7a9-40eef0405e17 is stale; either its node document is not the active document, or it is no longer connected to the DOM; For documentation on this error, please visit: https://www.selenium.dev/documentation/webdriver/troubleshooting/errors#stale-element-reference-exception
Stacktrace:
RemoteError@chrome://remote/content/shared/RemoteError.sys.mjs:8:8
WebDriverError@chrome://remote/content/shared/webdriver/Errors.sys.mjs:197:5
StaleElementReferenceError@chrome://remote/content/shared/webdriver/Errors.sys.mjs:755:5
getKnownElement@chrome://remote/content/marionette/json.sys.mjs:405:11
deserializeJSON@chrome://remote/content/marionette/json.sys.mjs:263:20
cloneObject@chrome://remote/content/marionette/json.sys.mjs:59:24
deserializeJSON@chrome://remote/content/marionette/json.sys.mjs:293:16
json.deserialize@chrome://remote/content/marionette/json.sys.mjs:297:10
receiveMessage@chrome://remote/content/marionette/actors/MarionetteCommandsChild.sys.mjs:195:30
</status>
</kw>
<kw name="Log To Console" owner="BuiltIn">
<arg>Dropdown item: ${text}</arg>
<doc>Logs the given message to the console.</doc>
<status status="NOT RUN" start="2025-03-07T02:36:31.889367" elapsed="0.000157"/>
</kw>
<kw name="Run Keyword If" owner="BuiltIn">
<arg>'${text}' == '${lang_text}'</arg>
<arg>Click Element</arg>
<arg>${item}</arg>
<doc>Runs the given keyword with the given arguments, if ``condition`` is true.</doc>
<status status="NOT RUN" start="2025-03-07T02:36:31.889935" elapsed="0.000127"/>
</kw>
<var name="${item}">&lt;selenium.webdriver.remote.webelement.WebElement (session="bdf72951-4d12-461a-80cb-781b54319eaa", element="7a5643ed-67a2-4b3f-a7a9-40eef0405e17")&gt;</var>
<status status="FAIL" start="2025-03-07T02:36:31.770382" elapsed="0.119904">StaleElementReferenceException: Message: The element with the reference 7a5643ed-67a2-4b3f-a7a9-40eef0405e17 is stale; either its node document is not the active document, or it is no longer connected to the DOM; For documentation on this error, please visit: https://www.selenium.dev/documentation/webdriver/troubleshooting/errors#stale-element-reference-exception
Stacktrace:
RemoteError@chrome://remote/content/shared/RemoteError.sys.mjs:8:8
WebDriverError@chrome://remote/content/shared/webdriver/Errors.sys.mjs:197:5
StaleElementReferenceError@chrome://remote/content/shared/webdriver/Errors.sys.mjs:755:5
getKnownElement@chrome://remote/content/marionette/json.sys.mjs:405:11
deserializeJSON@chrome://remote/content/marionette/json.sys.mjs:263:20
cloneObject@chrome://remote/content/marionette/json.sys.mjs:59:24
deserializeJSON@chrome://remote/content/marionette/json.sys.mjs:293:16
json.deserialize@chrome://remote/content/marionette/json.sys.mjs:297:10
receiveMessage@chrome://remote/content/marionette/actors/MarionetteCommandsChild.sys.mjs:195:30
</status>
</iter>
<var>${item}</var>
<value>@{dropdown_items}</value>
<status status="FAIL" start="2025-03-07T02:36:30.992307" elapsed="0.898153">StaleElementReferenceException: Message: The element with the reference 7a5643ed-67a2-4b3f-a7a9-40eef0405e17 is stale; either its node document is not the active document, or it is no longer connected to the DOM; For documentation on this error, please visit: https://www.selenium.dev/documentation/webdriver/troubleshooting/errors#stale-element-reference-exception
Stacktrace:
RemoteError@chrome://remote/content/shared/RemoteError.sys.mjs:8:8
WebDriverError@chrome://remote/content/shared/webdriver/Errors.sys.mjs:197:5
StaleElementReferenceError@chrome://remote/content/shared/webdriver/Errors.sys.mjs:755:5
getKnownElement@chrome://remote/content/marionette/json.sys.mjs:405:11
deserializeJSON@chrome://remote/content/marionette/json.sys.mjs:263:20
cloneObject@chrome://remote/content/marionette/json.sys.mjs:59:24
deserializeJSON@chrome://remote/content/marionette/json.sys.mjs:293:16
json.deserialize@chrome://remote/content/marionette/json.sys.mjs:297:10
receiveMessage@chrome://remote/content/marionette/actors/MarionetteCommandsChild.sys.mjs:195:30
</status>
</for>
<kw name="Sleep" owner="BuiltIn">
<arg>2s</arg>
<doc>Pauses the test executed for the given time.</doc>
<status status="NOT RUN" start="2025-03-07T02:36:31.890710" elapsed="0.000053"/>
</kw>
<kw name="Run Keyword If" owner="BuiltIn">
<var>${flag}</var>
<arg>'${lang}' == 'zh'</arg>
<arg>Set Variable</arg>
<arg>cn</arg>
<arg>ELSE</arg>
<arg>Set Variable</arg>
<arg>${lang}</arg>
<doc>Runs the given keyword with the given arguments, if ``condition`` is true.</doc>
<status status="NOT RUN" start="2025-03-07T02:36:31.890940" elapsed="0.000041"/>
</kw>
<kw name="Wait Until Page Contains Element" owner="SeleniumLibrary">
<arg>xpath=//span[contains(@class, 'flag-icon-${flag}')]</arg>
<arg>10s</arg>
<doc>Waits until the element ``locator`` appears on the current page.</doc>
<status status="NOT RUN" start="2025-03-07T02:36:31.891136" elapsed="0.000037"/>
</kw>
<kw name="Log To Console" owner="BuiltIn">
<arg>Switched to language: ${lang}</arg>
<doc>Logs the given message to the console.</doc>
<status status="NOT RUN" start="2025-03-07T02:36:31.891290" elapsed="0.000035"/>
</kw>
<arg>th</arg>
<status status="FAIL" start="2025-03-07T02:36:28.205614" elapsed="3.685889">StaleElementReferenceException: Message: The element with the reference 7a5643ed-67a2-4b3f-a7a9-40eef0405e17 is stale; either its node document is not the active document, or it is no longer connected to the DOM; For documentation on this error, please visit: https://www.selenium.dev/documentation/webdriver/troubleshooting/errors#stale-element-reference-exception
Stacktrace:
RemoteError@chrome://remote/content/shared/RemoteError.sys.mjs:8:8
WebDriverError@chrome://remote/content/shared/webdriver/Errors.sys.mjs:197:5
StaleElementReferenceError@chrome://remote/content/shared/webdriver/Errors.sys.mjs:755:5
getKnownElement@chrome://remote/content/marionette/json.sys.mjs:405:11
deserializeJSON@chrome://remote/content/marionette/json.sys.mjs:263:20
cloneObject@chrome://remote/content/marionette/json.sys.mjs:59:24
deserializeJSON@chrome://remote/content/marionette/json.sys.mjs:293:16
json.deserialize@chrome://remote/content/marionette/json.sys.mjs:297:10
receiveMessage@chrome://remote/content/marionette/actors/MarionetteCommandsChild.sys.mjs:195:30
</status>
</kw>
<kw name="Go To" owner="SeleniumLibrary">
<arg>${PROGRAMS_URL}</arg>
<doc>Navigates the current browser window to the provided ``url``.</doc>
<status status="NOT RUN" start="2025-03-07T02:36:31.891903" elapsed="0.000066"/>
</kw>
<kw name="Verify Page Language">
<arg>หลักสูตร</arg>
<status status="NOT RUN" start="2025-03-07T02:36:31.892324" elapsed="0.000056"/>
</kw>
<kw name="Verify Page Language">
<arg>เพิ่มหลักสูตร</arg>
<status status="NOT RUN" start="2025-03-07T02:36:31.892660" elapsed="0.000057"/>
</kw>
<kw name="Switch Language">
<arg>zh</arg>
<status status="NOT RUN" start="2025-03-07T02:36:31.893109" elapsed="0.000049"/>
</kw>
<kw name="Go To" owner="SeleniumLibrary">
<arg>${PROGRAMS_URL}</arg>
<doc>Navigates the current browser window to the provided ``url``.</doc>
<status status="NOT RUN" start="2025-03-07T02:36:31.893576" elapsed="0.000048"/>
</kw>
<kw name="Verify Page Language">
<arg>课程</arg>
<status status="NOT RUN" start="2025-03-07T02:36:31.893912" elapsed="0.000047"/>
</kw>
<kw name="Verify Page Language">
<arg>添加课程</arg>
<status status="NOT RUN" start="2025-03-07T02:36:31.894335" elapsed="0.000064"/>
</kw>
<status status="FAIL" start="2025-03-07T02:36:22.497067" elapsed="9.397808">StaleElementReferenceException: Message: The element with the reference 7a5643ed-67a2-4b3f-a7a9-40eef0405e17 is stale; either its node document is not the active document, or it is no longer connected to the DOM; For documentation on this error, please visit: https://www.selenium.dev/documentation/webdriver/troubleshooting/errors#stale-element-reference-exception
Stacktrace:
RemoteError@chrome://remote/content/shared/RemoteError.sys.mjs:8:8
WebDriverError@chrome://remote/content/shared/webdriver/Errors.sys.mjs:197:5
StaleElementReferenceError@chrome://remote/content/shared/webdriver/Errors.sys.mjs:755:5
getKnownElement@chrome://remote/content/marionette/json.sys.mjs:405:11
deserializeJSON@chrome://remote/content/marionette/json.sys.mjs:263:20
cloneObject@chrome://remote/content/marionette/json.sys.mjs:59:24
deserializeJSON@chrome://remote/content/marionette/json.sys.mjs:293:16
json.deserialize@chrome://remote/content/marionette/json.sys.mjs:297:10
receiveMessage@chrome://remote/content/marionette/actors/MarionetteCommandsChild.sys.mjs:195:30
</status>
</test>
<test id="s1-t2" name="TC42_ADMINPrograms_TableTranslation - ตรวจสอบภาษาในตารางของ UI22 ที่ http://127.0.0.1:8000/programs" line="166">
<kw name="Reset Language To English" type="SETUP">
<kw name="Go To" owner="SeleniumLibrary">
<msg time="2025-03-07T02:36:31.900013" level="INFO">Opening url 'http://127.0.0.1:8000/dashboard'</msg>
<arg>${DASHBOARD_URL}</arg>
<doc>Navigates the current browser window to the provided ``url``.</doc>
<status status="PASS" start="2025-03-07T02:36:31.899842" elapsed="0.512320"/>
</kw>
<kw name="Wait Until Element Is Visible" owner="SeleniumLibrary">
<arg>xpath=//a[contains(@class, 'nav-link dropdown-toggle')]</arg>
<arg>timeout=15s</arg>
<doc>Waits until the element ``locator`` is visible.</doc>
<status status="PASS" start="2025-03-07T02:36:32.412562" elapsed="0.020956"/>
</kw>
<kw name="Click Element" owner="SeleniumLibrary">
<msg time="2025-03-07T02:36:32.434144" level="INFO">Clicking element 'xpath=//a[contains(@class, 'nav-link dropdown-toggle')]'.</msg>
<arg>xpath=//a[contains(@class, 'nav-link dropdown-toggle')]</arg>
<doc>Click the element identified by ``locator``.</doc>
<status status="PASS" start="2025-03-07T02:36:32.433819" elapsed="0.232900"/>
</kw>
<kw name="Sleep" owner="BuiltIn">
<msg time="2025-03-07T02:36:34.667494" level="INFO">Slept 2 seconds.</msg>
<arg>2s</arg>
<doc>Pauses the test executed for the given time.</doc>
<status status="PASS" start="2025-03-07T02:36:32.666956" elapsed="2.000756"/>
</kw>
<kw name="Wait Until Element Is Visible" owner="SeleniumLibrary">
<arg>xpath=//div[contains(@class, 'dropdown-menu')]</arg>
<arg>timeout=10s</arg>
<doc>Waits until the element ``locator`` is visible.</doc>
<status status="PASS" start="2025-03-07T02:36:34.668064" elapsed="0.016520"/>
</kw>
<kw name="Get WebElements" owner="SeleniumLibrary">
<msg time="2025-03-07T02:36:34.689229" level="INFO">${dropdown_items} = [&lt;selenium.webdriver.remote.webelement.WebElement (session="bdf72951-4d12-461a-80cb-781b54319eaa", element="dd7f35e7-1d8d-4db5-ae3b-59f653fb5ba6")&gt;, &lt;selenium.webdriver.remote.webelement.WebElement (s...</msg>
<var>${dropdown_items}</var>
<arg>xpath=//div[contains(@class, 'dropdown-menu')]//a</arg>
<doc>Returns a list of WebElement objects matching the ``locator``.</doc>
<status status="PASS" start="2025-03-07T02:36:34.684910" elapsed="0.004384"/>
</kw>
<for flavor="IN">
<iter>
<kw name="Get Text" owner="SeleniumLibrary">
<msg time="2025-03-07T02:36:34.701715" level="INFO">${text} = English</msg>
<var>${text}</var>
<arg>${item}</arg>
<doc>Returns the text value of the element identified by ``locator``.</doc>
<status status="PASS" start="2025-03-07T02:36:34.689894" elapsed="0.011909"/>
</kw>
<kw name="Log To Console" owner="BuiltIn">
<arg>Dropdown item: ${text}</arg>
<doc>Logs the given message to the console.</doc>
<status status="PASS" start="2025-03-07T02:36:34.702100" elapsed="0.000688"/>
</kw>
<kw name="Run Keyword If" owner="BuiltIn">
<kw name="Click Element" owner="SeleniumLibrary">
<msg time="2025-03-07T02:36:34.704274" level="INFO">Clicking element '&lt;selenium.webdriver.remote.webelement.WebElement (session="bdf72951-4d12-461a-80cb-781b54319eaa", element="dd7f35e7-1d8d-4db5-ae3b-59f653fb5ba6")&gt;'.</msg>
<arg>${item}</arg>
<doc>Click the element identified by ``locator``.</doc>
<status status="PASS" start="2025-03-07T02:36:34.703843" elapsed="0.804939"/>
</kw>
<arg>'${text}' == 'English' or '${text}' == 'EN' or '${text}' == 'en'</arg>
<arg>Click Element</arg>
<arg>${item}</arg>
<doc>Runs the given keyword with the given arguments, if ``condition`` is true.</doc>
<status status="PASS" start="2025-03-07T02:36:34.703131" elapsed="0.805906"/>
</kw>
<var name="${item}">&lt;selenium.webdriver.remote.webelement.WebElement (session="bdf72951-4d12-461a-80cb-781b54319eaa", element="dd7f35e7-1d8d-4db5-ae3b-59f653fb5ba6")&gt;</var>
<status status="PASS" start="2025-03-07T02:36:34.689723" elapsed="0.819475"/>
</iter>
<iter>
<kw name="Get Text" owner="SeleniumLibrary">
<msg time="2025-03-07T02:36:35.616966" level="INFO" html="true">&lt;/td&gt;&lt;/tr&gt;&lt;tr&gt;&lt;td colspan="3"&gt;&lt;a href="selenium-screenshot-59.png"&gt;&lt;img src="selenium-screenshot-59.png" width="800px"&gt;&lt;/a&gt;</msg>
<msg time="2025-03-07T02:36:35.617232" level="FAIL">StaleElementReferenceException: Message: The element with the reference 3ca6c479-9873-4c1b-a606-1d2a41194b3f is stale; either its node document is not the active document, or it is no longer connected to the DOM; For documentation on this error, please visit: https://www.selenium.dev/documentation/webdriver/troubleshooting/errors#stale-element-reference-exception
Stacktrace:
RemoteError@chrome://remote/content/shared/RemoteError.sys.mjs:8:8
WebDriverError@chrome://remote/content/shared/webdriver/Errors.sys.mjs:197:5
StaleElementReferenceError@chrome://remote/content/shared/webdriver/Errors.sys.mjs:755:5
getKnownElement@chrome://remote/content/marionette/json.sys.mjs:405:11
deserializeJSON@chrome://remote/content/marionette/json.sys.mjs:263:20
cloneObject@chrome://remote/content/marionette/json.sys.mjs:59:24
deserializeJSON@chrome://remote/content/marionette/json.sys.mjs:293:16
json.deserialize@chrome://remote/content/marionette/json.sys.mjs:297:10
receiveMessage@chrome://remote/content/marionette/actors/MarionetteCommandsChild.sys.mjs:195:30
</msg>
<var>${text}</var>
<arg>${item}</arg>
<doc>Returns the text value of the element identified by ``locator``.</doc>
<status status="FAIL" start="2025-03-07T02:36:35.509816" elapsed="0.109346">StaleElementReferenceException: Message: The element with the reference 3ca6c479-9873-4c1b-a606-1d2a41194b3f is stale; either its node document is not the active document, or it is no longer connected to the DOM; For documentation on this error, please visit: https://www.selenium.dev/documentation/webdriver/troubleshooting/errors#stale-element-reference-exception
Stacktrace:
RemoteError@chrome://remote/content/shared/RemoteError.sys.mjs:8:8
WebDriverError@chrome://remote/content/shared/webdriver/Errors.sys.mjs:197:5
StaleElementReferenceError@chrome://remote/content/shared/webdriver/Errors.sys.mjs:755:5
getKnownElement@chrome://remote/content/marionette/json.sys.mjs:405:11
deserializeJSON@chrome://remote/content/marionette/json.sys.mjs:263:20
cloneObject@chrome://remote/content/marionette/json.sys.mjs:59:24
deserializeJSON@chrome://remote/content/marionette/json.sys.mjs:293:16
json.deserialize@chrome://remote/content/marionette/json.sys.mjs:297:10
receiveMessage@chrome://remote/content/marionette/actors/MarionetteCommandsChild.sys.mjs:195:30
</status>
</kw>
<kw name="Log To Console" owner="BuiltIn">
<arg>Dropdown item: ${text}</arg>
<doc>Logs the given message to the console.</doc>
<status status="NOT RUN" start="2025-03-07T02:36:35.619437" elapsed="0.000052"/>
</kw>
<kw name="Run Keyword If" owner="BuiltIn">
<arg>'${text}' == 'English' or '${text}' == 'EN' or '${text}' == 'en'</arg>
<arg>Click Element</arg>
<arg>${item}</arg>
<doc>Runs the given keyword with the given arguments, if ``condition`` is true.</doc>
<status status="NOT RUN" start="2025-03-07T02:36:35.619645" elapsed="0.000039"/>
</kw>
<var name="${item}">&lt;selenium.webdriver.remote.webelement.WebElement (session="bdf72951-4d12-461a-80cb-781b54319eaa", element="3ca6c479-9873-4c1b-a606-1d2a41194b3f")&gt;</var>
<status status="FAIL" start="2025-03-07T02:36:35.509595" elapsed="0.110231">StaleElementReferenceException: Message: The element with the reference 3ca6c479-9873-4c1b-a606-1d2a41194b3f is stale; either its node document is not the active document, or it is no longer connected to the DOM; For documentation on this error, please visit: https://www.selenium.dev/documentation/webdriver/troubleshooting/errors#stale-element-reference-exception
Stacktrace:
RemoteError@chrome://remote/content/shared/RemoteError.sys.mjs:8:8
WebDriverError@chrome://remote/content/shared/webdriver/Errors.sys.mjs:197:5
StaleElementReferenceError@chrome://remote/content/shared/webdriver/Errors.sys.mjs:755:5
getKnownElement@chrome://remote/content/marionette/json.sys.mjs:405:11
deserializeJSON@chrome://remote/content/marionette/json.sys.mjs:263:20
cloneObject@chrome://remote/content/marionette/json.sys.mjs:59:24
deserializeJSON@chrome://remote/content/marionette/json.sys.mjs:293:16
json.deserialize@chrome://remote/content/marionette/json.sys.mjs:297:10
receiveMessage@chrome://remote/content/marionette/actors/MarionetteCommandsChild.sys.mjs:195:30
</status>
</iter>
<var>${item}</var>
<value>@{dropdown_items}</value>
<status status="FAIL" start="2025-03-07T02:36:34.689419" elapsed="0.930664">StaleElementReferenceException: Message: The element with the reference 3ca6c479-9873-4c1b-a606-1d2a41194b3f is stale; either its node document is not the active document, or it is no longer connected to the DOM; For documentation on this error, please visit: https://www.selenium.dev/documentation/webdriver/troubleshooting/errors#stale-element-reference-exception
Stacktrace:
RemoteError@chrome://remote/content/shared/RemoteError.sys.mjs:8:8
WebDriverError@chrome://remote/content/shared/webdriver/Errors.sys.mjs:197:5
StaleElementReferenceError@chrome://remote/content/shared/webdriver/Errors.sys.mjs:755:5
getKnownElement@chrome://remote/content/marionette/json.sys.mjs:405:11
deserializeJSON@chrome://remote/content/marionette/json.sys.mjs:263:20
cloneObject@chrome://remote/content/marionette/json.sys.mjs:59:24
deserializeJSON@chrome://remote/content/marionette/json.sys.mjs:293:16
json.deserialize@chrome://remote/content/marionette/json.sys.mjs:297:10
receiveMessage@chrome://remote/content/marionette/actors/MarionetteCommandsChild.sys.mjs:195:30
</status>
</for>
<kw name="Sleep" owner="BuiltIn">
<arg>2s</arg>
<doc>Pauses the test executed for the given time.</doc>
<status status="NOT RUN" start="2025-03-07T02:36:35.620261" elapsed="0.000039"/>
</kw>
<kw name="Wait Until Page Contains Element" owner="SeleniumLibrary">
<arg>xpath=//span[contains(@class, 'flag-icon-us')]</arg>
<arg>10s</arg>
<doc>Waits until the element ``locator`` appears on the current page.</doc>
<status status="NOT RUN" start="2025-03-07T02:36:35.620428" elapsed="0.000041"/>
</kw>
<kw name="Log To Console" owner="BuiltIn">
<arg>Reset language to English</arg>
<doc>Logs the given message to the console.</doc>
<status status="NOT RUN" start="2025-03-07T02:36:35.620588" elapsed="0.000035"/>
</kw>
<status status="FAIL" start="2025-03-07T02:36:31.899527" elapsed="3.721250">StaleElementReferenceException: Message: The element with the reference 3ca6c479-9873-4c1b-a606-1d2a41194b3f is stale; either its node document is not the active document, or it is no longer connected to the DOM; For documentation on this error, please visit: https://www.selenium.dev/documentation/webdriver/troubleshooting/errors#stale-element-reference-exception
Stacktrace:
RemoteError@chrome://remote/content/shared/RemoteError.sys.mjs:8:8
WebDriverError@chrome://remote/content/shared/webdriver/Errors.sys.mjs:197:5
StaleElementReferenceError@chrome://remote/content/shared/webdriver/Errors.sys.mjs:755:5
getKnownElement@chrome://remote/content/marionette/json.sys.mjs:405:11
deserializeJSON@chrome://remote/content/marionette/json.sys.mjs:263:20
cloneObject@chrome://remote/content/marionette/json.sys.mjs:59:24
deserializeJSON@chrome://remote/content/marionette/json.sys.mjs:293:16
json.deserialize@chrome://remote/content/marionette/json.sys.mjs:297:10
receiveMessage@chrome://remote/content/marionette/actors/MarionetteCommandsChild.sys.mjs:195:30
</status>
</kw>
<status status="FAIL" start="2025-03-07T02:36:31.897344" elapsed="3.723981">Setup failed:
StaleElementReferenceException: Message: The element with the reference 3ca6c479-9873-4c1b-a606-1d2a41194b3f is stale; either its node document is not the active document, or it is no longer connected to the DOM; For documentation on this error, please visit: https://www.selenium.dev/documentation/webdriver/troubleshooting/errors#stale-element-reference-exception
Stacktrace:
RemoteError@chrome://remote/content/shared/RemoteError.sys.mjs:8:8
WebDriverError@chrome://remote/content/shared/webdriver/Errors.sys.mjs:197:5
StaleElementReferenceError@chrome://remote/content/shared/webdriver/Errors.sys.mjs:755:5
getKnownElement@chrome://remote/content/marionette/json.sys.mjs:405:11
deserializeJSON@chrome://remote/content/marionette/json.sys.mjs:263:20
cloneObject@chrome://remote/content/marionette/json.sys.mjs:59:24
deserializeJSON@chrome://remote/content/marionette/json.sys.mjs:293:16
json.deserialize@chrome://remote/content/marionette/json.sys.mjs:297:10
receiveMessage@chrome://remote/content/marionette/actors/MarionetteCommandsChild.sys.mjs:195:30
</status>
</test>
<test id="s1-t3" name="TC40_ADMINPrograms_FormTranslation - ตรวจสอบภาษาของฟอร์มเพิ่ม Programs ของ UI22 ที่ http://127.0.0.1:8000/programs" line="186">
<kw name="Reset Language To English" type="SETUP">
<kw name="Go To" owner="SeleniumLibrary">
<msg time="2025-03-07T02:36:35.628351" level="INFO">Opening url 'http://127.0.0.1:8000/dashboard'</msg>
<arg>${DASHBOARD_URL}</arg>
<doc>Navigates the current browser window to the provided ``url``.</doc>
<status status="PASS" start="2025-03-07T02:36:35.628081" elapsed="1.170653"/>
</kw>
<kw name="Wait Until Element Is Visible" owner="SeleniumLibrary">
<arg>xpath=//a[contains(@class, 'nav-link dropdown-toggle')]</arg>
<arg>timeout=15s</arg>
<doc>Waits until the element ``locator`` is visible.</doc>
<status status="PASS" start="2025-03-07T02:36:36.799216" elapsed="0.157921"/>
</kw>
<kw name="Click Element" owner="SeleniumLibrary">
<msg time="2025-03-07T02:36:36.958502" level="INFO">Clicking element 'xpath=//a[contains(@class, 'nav-link dropdown-toggle')]'.</msg>
<arg>xpath=//a[contains(@class, 'nav-link dropdown-toggle')]</arg>
<doc>Click the element identified by ``locator``.</doc>
<status status="PASS" start="2025-03-07T02:36:36.957787" elapsed="0.291358"/>
</kw>
<kw name="Sleep" owner="BuiltIn">
<msg time="2025-03-07T02:36:39.250357" level="INFO">Slept 2 seconds.</msg>
<arg>2s</arg>
<doc>Pauses the test executed for the given time.</doc>
<status status="PASS" start="2025-03-07T02:36:37.249652" elapsed="2.000927"/>
</kw>
<kw name="Wait Until Element Is Visible" owner="SeleniumLibrary">
<arg>xpath=//div[contains(@class, 'dropdown-menu')]</arg>
<arg>timeout=10s</arg>
<doc>Waits until the element ``locator`` is visible.</doc>
<status status="PASS" start="2025-03-07T02:36:39.250855" elapsed="0.014808"/>
</kw>
<kw name="Get WebElements" owner="SeleniumLibrary">
<msg time="2025-03-07T02:36:39.269984" level="INFO">${dropdown_items} = [&lt;selenium.webdriver.remote.webelement.WebElement (session="bdf72951-4d12-461a-80cb-781b54319eaa", element="70c0766d-3c50-46cc-94b1-80b7bedaca8f")&gt;, &lt;selenium.webdriver.remote.webelement.WebElement (s...</msg>
<var>${dropdown_items}</var>
<arg>xpath=//div[contains(@class, 'dropdown-menu')]//a</arg>
<doc>Returns a list of WebElement objects matching the ``locator``.</doc>
<status status="PASS" start="2025-03-07T02:36:39.265944" elapsed="0.004119"/>
</kw>
<for flavor="IN">
<iter>
<kw name="Get Text" owner="SeleniumLibrary">
<msg time="2025-03-07T02:36:39.282173" level="INFO">${text} = ไทย</msg>
<var>${text}</var>
<arg>${item}</arg>
<doc>Returns the text value of the element identified by ``locator``.</doc>
<status status="PASS" start="2025-03-07T02:36:39.270709" elapsed="0.011544"/>
</kw>
<kw name="Log To Console" owner="BuiltIn">
<arg>Dropdown item: ${text}</arg>
<doc>Logs the given message to the console.</doc>
<status status="PASS" start="2025-03-07T02:36:39.282568" elapsed="0.000753"/>
</kw>
<kw name="Run Keyword If" owner="BuiltIn">
<arg>'${text}' == 'English' or '${text}' == 'EN' or '${text}' == 'en'</arg>
<arg>Click Element</arg>
<arg>${item}</arg>
<doc>Runs the given keyword with the given arguments, if ``condition`` is true.</doc>
<status status="PASS" start="2025-03-07T02:36:39.283606" elapsed="0.000512"/>
</kw>
<var name="${item}">&lt;selenium.webdriver.remote.webelement.WebElement (session="bdf72951-4d12-461a-80cb-781b54319eaa", element="70c0766d-3c50-46cc-94b1-80b7bedaca8f")&gt;</var>
<status status="PASS" start="2025-03-07T02:36:39.270513" elapsed="0.013713"/>
</iter>
<iter>
<kw name="Get Text" owner="SeleniumLibrary">
<msg time="2025-03-07T02:36:39.297109" level="INFO">${text} = 中国</msg>
<var>${text}</var>
<arg>${item}</arg>
<doc>Returns the text value of the element identified by ``locator``.</doc>
<status status="PASS" start="2025-03-07T02:36:39.284671" elapsed="0.012528"/>
</kw>
<kw name="Log To Console" owner="BuiltIn">
<arg>Dropdown item: ${text}</arg>
<doc>Logs the given message to the console.</doc>
<status status="PASS" start="2025-03-07T02:36:39.297661" elapsed="0.000746"/>
</kw>
<kw name="Run Keyword If" owner="BuiltIn">
<arg>'${text}' == 'English' or '${text}' == 'EN' or '${text}' == 'en'</arg>
<arg>Click Element</arg>
<arg>${item}</arg>
<doc>Runs the given keyword with the given arguments, if ``condition`` is true.</doc>
<status status="PASS" start="2025-03-07T02:36:39.298878" elapsed="0.000742"/>
</kw>
<var name="${item}">&lt;selenium.webdriver.remote.webelement.WebElement (session="bdf72951-4d12-461a-80cb-781b54319eaa", element="2fa1fe4c-e422-488f-bd53-ad916d4d7f8e")&gt;</var>
<status status="PASS" start="2025-03-07T02:36:39.284493" elapsed="0.015317"/>
</iter>
<var>${item}</var>
<value>@{dropdown_items}</value>
<status status="PASS" start="2025-03-07T02:36:39.270217" elapsed="0.029716"/>
</for>
<kw name="Sleep" owner="BuiltIn">
<msg time="2025-03-07T02:36:41.300998" level="INFO">Slept 2 seconds.</msg>
<arg>2s</arg>
<doc>Pauses the test executed for the given time.</doc>
<status status="PASS" start="2025-03-07T02:36:39.300230" elapsed="2.000937"/>
</kw>
<kw name="Wait Until Page Contains Element" owner="SeleniumLibrary">
<arg>xpath=//span[contains(@class, 'flag-icon-us')]</arg>
<arg>10s</arg>
<doc>Waits until the element ``locator`` appears on the current page.</doc>
<status status="PASS" start="2025-03-07T02:36:41.301435" elapsed="0.004411"/>
</kw>
<kw name="Log To Console" owner="BuiltIn">
<arg>Reset language to English</arg>
<doc>Logs the given message to the console.</doc>
<status status="PASS" start="2025-03-07T02:36:41.306131" elapsed="0.000568"/>
</kw>
<status status="PASS" start="2025-03-07T02:36:35.627712" elapsed="5.679166"/>
</kw>
<kw name="Go To" owner="SeleniumLibrary">
<msg time="2025-03-07T02:36:41.307529" level="INFO">Opening url 'http://127.0.0.1:8000/programs'</msg>
<arg>${PROGRAMS_URL}</arg>
<doc>Navigates the current browser window to the provided ``url``.</doc>
<status status="PASS" start="2025-03-07T02:36:41.307252" elapsed="1.000348"/>
</kw>
<kw name="Open AddModal">
<kw name="Wait Until Page Contains Element" owner="SeleniumLibrary">
<arg>xpath=//a[@id='new-program']</arg>
<arg>15s</arg>
<doc>Waits until the element ``locator`` appears on the current page.</doc>
<status status="PASS" start="2025-03-07T02:36:42.308798" elapsed="0.164788"/>
</kw>
<kw name="Click Element" owner="SeleniumLibrary">
<msg time="2025-03-07T02:36:42.474457" level="INFO">Clicking element 'xpath=//a[@id='new-program']'.</msg>
<arg>xpath=//a[@id='new-program']</arg>
<doc>Click the element identified by ``locator``.</doc>
<status status="PASS" start="2025-03-07T02:36:42.473974" elapsed="0.254739"/>
</kw>
<kw name="Sleep" owner="BuiltIn">
<msg time="2025-03-07T02:36:45.729425" level="INFO">Slept 3 seconds.</msg>
<arg>3s</arg>
<doc>Pauses the test executed for the given time.</doc>
<status status="PASS" start="2025-03-07T02:36:42.728986" elapsed="3.000592"/>
</kw>
<kw name="Wait Until Page Contains Element" owner="SeleniumLibrary">
<arg>xpath=//div[@id='crud-modal']//h4[@id='programCrudModal']</arg>
<arg>15s</arg>
<doc>Waits until the element ``locator`` appears on the current page.</doc>
<status status="PASS" start="2025-03-07T02:36:45.729814" elapsed="0.005358"/>
</kw>
<kw name="Log To Console" owner="BuiltIn">
<arg>Add modal opened</arg>
<doc>Logs the given message to the console.</doc>
<status status="PASS" start="2025-03-07T02:36:45.735481" elapsed="0.000662"/>
</kw>
<status status="PASS" start="2025-03-07T02:36:42.308286" elapsed="3.428061"/>
</kw>
<kw name="Verify ModalHeader">
<kw name="Wait Until Element Contains" owner="SeleniumLibrary">
<msg time="2025-03-07T02:37:00.981469" level="INFO" html="true">&lt;/td&gt;&lt;/tr&gt;&lt;tr&gt;&lt;td colspan="3"&gt;&lt;a href="selenium-screenshot-60.png"&gt;&lt;img src="selenium-screenshot-60.png" width="800px"&gt;&lt;/a&gt;</msg>
<msg time="2025-03-07T02:37:00.981754" level="FAIL">Element 'xpath=//div[@id='crud-modal']//h4[@id='programCrudModal']' did not get text 'Add Program' in 15 seconds.</msg>
<arg>xpath=//div[@id='crud-modal']//h4[@id='programCrudModal']</arg>
<arg>${expected_text}</arg>
<arg>15s</arg>
<doc>Waits until the element ``locator`` contains ``text``.</doc>
<status status="FAIL" start="2025-03-07T02:36:45.737271" elapsed="15.248632">Element 'xpath=//div[@id='crud-modal']//h4[@id='programCrudModal']' did not get text 'Add Program' in 15 seconds.</status>
</kw>
<kw name="Get Text" owner="SeleniumLibrary">
<var>${actual_text}</var>
<arg>xpath=//div[@id='crud-modal']//h4[@id='programCrudModal']</arg>
<doc>Returns the text value of the element identified by ``locator``.</doc>
<status status="NOT RUN" start="2025-03-07T02:37:00.986298" elapsed="0.000083"/>
</kw>
<kw name="Log To Console" owner="BuiltIn">
<arg>Actual modal header text: ${actual_text}</arg>
<doc>Logs the given message to the console.</doc>
<status status="NOT RUN" start="2025-03-07T02:37:00.986628" elapsed="0.000069"/>
</kw>
<kw name="Should Contain" owner="BuiltIn">
<arg>${actual_text}</arg>
<arg>${expected_text}</arg>
<doc>Fails if ``container`` does not contain ``item`` one or more times.</doc>
<status status="NOT RUN" start="2025-03-07T02:37:00.986915" elapsed="0.000066"/>
</kw>
<kw name="Log To Console" owner="BuiltIn">
<arg>Verified modal header: ${expected_text}</arg>
<doc>Logs the given message to the console.</doc>
<status status="NOT RUN" start="2025-03-07T02:37:00.987210" elapsed="0.000052"/>
</kw>
<arg>Add Program</arg>
<status status="FAIL" start="2025-03-07T02:36:45.736795" elapsed="15.250655">Element 'xpath=//div[@id='crud-modal']//h4[@id='programCrudModal']' did not get text 'Add Program' in 15 seconds.</status>
</kw>
<kw name="Verify FormLabel">
<arg>xpath=//div[@id='crud-modal']//strong[contains(text(), 'Degree')]</arg>
<arg>Degree</arg>
<status status="NOT RUN" start="2025-03-07T02:37:00.988016" elapsed="0.000075"/>
</kw>
<kw name="Verify FormLabel">
<arg>xpath=//div[@id='crud-modal']//strong[contains(text(), 'Department')]</arg>
<arg>Department</arg>
<status status="NOT RUN" start="2025-03-07T02:37:00.988503" elapsed="0.000062"/>
</kw>
<kw name="Verify FormLabel">
<arg>xpath=//div[@id='crud-modal']//strong[contains(text(), 'Program Name (TH)')]</arg>
<arg>Program Name (TH)</arg>
<status status="NOT RUN" start="2025-03-07T02:37:00.988966" elapsed="0.000062"/>
</kw>
<kw name="Verify FormLabel">
<arg>xpath=//div[@id='crud-modal']//strong[contains(text(), 'Program Name (EN)')]</arg>
<arg>Program Name (EN)</arg>
<status status="NOT RUN" start="2025-03-07T02:37:00.989398" elapsed="0.000060"/>
</kw>
<kw name="Verify PlaceholderText">
<arg>xpath=//input[@id='program_name_th']</arg>
<arg>Enter program name in Thai</arg>
<status status="NOT RUN" start="2025-03-07T02:37:00.989831" elapsed="0.000062"/>
</kw>
<kw name="Verify PlaceholderText">
<arg>xpath=//input[@id='program_name_en']</arg>
<arg>Enter program name in English</arg>
<status status="NOT RUN" start="2025-03-07T02:37:00.990505" elapsed="0.000057"/>
</kw>
<kw name="Verify ButtonText">
<arg>xpath=//button[@id='btn-save']</arg>
<arg>Submit</arg>
<status status="NOT RUN" start="2025-03-07T02:37:00.990876" elapsed="0.000049"/>
</kw>
<kw name="Verify ButtonText">
<arg>xpath=//div[@id='crud-modal']//a[contains(text(), 'Cancel')]</arg>
<arg>Cancel</arg>
<status status="NOT RUN" start="2025-03-07T02:37:00.991218" elapsed="0.000048"/>
</kw>
<kw name="Close Modal">
<status status="NOT RUN" start="2025-03-07T02:37:00.991549" elapsed="0.000046"/>
</kw>
<kw name="Switch Language">
<arg>th</arg>
<status status="NOT RUN" start="2025-03-07T02:37:00.991991" elapsed="0.000049"/>
</kw>
<kw name="Go To" owner="SeleniumLibrary">
<arg>${PROGRAMS_URL}</arg>
<doc>Navigates the current browser window to the provided ``url``.</doc>
<status status="NOT RUN" start="2025-03-07T02:37:00.992314" elapsed="0.000048"/>
</kw>
<kw name="Open AddModal">
<status status="NOT RUN" start="2025-03-07T02:37:00.992948" elapsed="0.000054"/>
</kw>
<kw name="Verify ModalHeader">
<arg>เพิ่มหลักสูตร</arg>
<status status="NOT RUN" start="2025-03-07T02:37:00.993293" elapsed="0.000046"/>
</kw>
<kw name="Verify FormLabel">
<arg>xpath=//div[@id='crud-modal']//strong[contains(text(), 'ระดับการศึกษา')]</arg>
<arg>ระดับการศึกษา</arg>
<status status="NOT RUN" start="2025-03-07T02:37:00.994240" elapsed="0.000100"/>
</kw>
<kw name="Verify FormLabel">
<arg>xpath=//div[@id='crud-modal']//strong[contains(text(), 'แผนก')]</arg>
<arg>แผนก</arg>
<status status="NOT RUN" start="2025-03-07T02:37:00.994822" elapsed="0.000068"/>
</kw>
<kw name="Verify FormLabel">
<arg>xpath=//div[@id='crud-modal']//strong[contains(text(), 'ชื่อหลักสูตร (TH)')]</arg>
<arg>ชื่อหลักสูตร (TH)</arg>
<status status="NOT RUN" start="2025-03-07T02:37:00.995254" elapsed="0.000057"/>
</kw>
<kw name="Verify FormLabel">
<arg>xpath=//div[@id='crud-modal']//strong[contains(text(), 'ชื่อหลักสูตร (EN)')]</arg>
<arg>ชื่อหลักสูตร (EN)</arg>
<status status="NOT RUN" start="2025-03-07T02:37:00.995745" elapsed="0.000068"/>
</kw>
<kw name="Verify PlaceholderText">
<arg>xpath=//input[@id='program_name_th']</arg>
<arg>กรอกชื่อหลักสูตรเป็นภาษาไทย</arg>
<status status="NOT RUN" start="2025-03-07T02:37:00.996189" elapsed="0.000059"/>
</kw>
<kw name="Verify PlaceholderText">
<arg>xpath=//input[@id='program_name_en']</arg>
<arg>กรอกชื่อหลักสูตรเป็นภาษาอังกฤษ</arg>
<status status="NOT RUN" start="2025-03-07T02:37:00.996560" elapsed="0.000048"/>
</kw>
<kw name="Verify ButtonText">
<arg>xpath=//button[@id='btn-save']</arg>
<arg>บันทึก</arg>
<status status="NOT RUN" start="2025-03-07T02:37:00.996925" elapsed="0.000048"/>
</kw>
<kw name="Verify ButtonText">
<arg>xpath=//div[@id='crud-modal']//a[contains(text(), 'ยกเลิก')]</arg>
<arg>ยกเลิก</arg>
<status status="NOT RUN" start="2025-03-07T02:37:00.997268" elapsed="0.000047"/>
</kw>
<kw name="Close Modal">
<status status="NOT RUN" start="2025-03-07T02:37:00.997764" elapsed="0.000049"/>
</kw>
<kw name="Switch Language">
<arg>zh</arg>
<status status="NOT RUN" start="2025-03-07T02:37:00.998205" elapsed="0.000054"/>
</kw>
<kw name="Go To" owner="SeleniumLibrary">
<arg>${PROGRAMS_URL}</arg>
<doc>Navigates the current browser window to the provided ``url``.</doc>
<status status="NOT RUN" start="2025-03-07T02:37:00.998525" elapsed="0.000051"/>
</kw>
<kw name="Open AddModal">
<status status="NOT RUN" start="2025-03-07T02:37:00.998878" elapsed="0.000048"/>
</kw>
<kw name="Verify ModalHeader">
<arg>添加课程</arg>
<status status="NOT RUN" start="2025-03-07T02:37:00.999207" elapsed="0.000047"/>
</kw>
<kw name="Verify FormLabel">
<arg>xpath=//div[@id='crud-modal']//strong[contains(text(), '学历')]</arg>
<arg>学历</arg>
<status status="NOT RUN" start="2025-03-07T02:37:00.999541" elapsed="0.000044"/>
</kw>
<kw name="Verify FormLabel">
<arg>xpath=//div[@id='crud-modal']//strong[contains(text(), '系别')]</arg>
<arg>系别</arg>
<status status="NOT RUN" start="2025-03-07T02:37:00.999889" elapsed="0.000046"/>
</kw>
<kw name="Verify FormLabel">
<arg>xpath=//div[@id='crud-modal']//strong[contains(text(), '课程名称 (泰语)')]</arg>
<arg>课程名称 (泰语)</arg>
<status status="NOT RUN" start="2025-03-07T02:37:01.000213" elapsed="0.000045"/>
</kw>
<kw name="Verify FormLabel">
<arg>xpath=//div[@id='crud-modal']//strong[contains(text(), '课程名称 (英语)')]</arg>
<arg>课程名称 (英语)</arg>
<status status="NOT RUN" start="2025-03-07T02:37:01.000700" elapsed="0.000052"/>
</kw>
<kw name="Verify PlaceholderText">
<arg>xpath=//input[@id='program_name_th']</arg>
<arg>请输入泰语课程名称</arg>
<status status="NOT RUN" start="2025-03-07T02:37:01.001955" elapsed="0.000086"/>
</kw>
<kw name="Verify PlaceholderText">
<arg>xpath=//input[@id='program_name_en']</arg>
<arg>请输入英语课程名称</arg>
<status status="NOT RUN" start="2025-03-07T02:37:01.002491" elapsed="0.000052"/>
</kw>
<kw name="Verify ButtonText">
<arg>xpath=//button[@id='btn-save']</arg>
<arg>提交</arg>
<status status="NOT RUN" start="2025-03-07T02:37:01.002855" elapsed="0.000045"/>
</kw>
<kw name="Verify ButtonText">
<arg>xpath=//div[@id='crud-modal']//a[contains(text(), '取消')]</arg>
<arg>取消</arg>
<status status="NOT RUN" start="2025-03-07T02:37:01.003192" elapsed="0.000046"/>
</kw>
<kw name="Close Modal">
<status status="NOT RUN" start="2025-03-07T02:37:01.003515" elapsed="0.000045"/>
</kw>
<status status="FAIL" start="2025-03-07T02:36:35.624994" elapsed="25.378874">Element 'xpath=//div[@id='crud-modal']//h4[@id='programCrudModal']' did not get text 'Add Program' in 15 seconds.</status>
</test>
<test id="s1-t4" name="TC41_ADMINPrograms_EditTranslation - ตรวจสอบภาษา form action Edit ของ UI22 ที่ http://127.0.0.1:8000/programs" line="227">
<kw name="Reset Language To English" type="SETUP">
<kw name="Go To" owner="SeleniumLibrary">
<msg time="2025-03-07T02:37:01.007855" level="INFO">Opening url 'http://127.0.0.1:8000/dashboard'</msg>
<arg>${DASHBOARD_URL}</arg>
<doc>Navigates the current browser window to the provided ``url``.</doc>
<status status="PASS" start="2025-03-07T02:37:01.007670" elapsed="0.790089"/>
</kw>
<kw name="Wait Until Element Is Visible" owner="SeleniumLibrary">
<arg>xpath=//a[contains(@class, 'nav-link dropdown-toggle')]</arg>
<arg>timeout=15s</arg>
<doc>Waits until the element ``locator`` is visible.</doc>
<status status="PASS" start="2025-03-07T02:37:01.798068" elapsed="0.037035"/>
</kw>
<kw name="Click Element" owner="SeleniumLibrary">
<msg time="2025-03-07T02:37:01.836378" level="INFO">Clicking element 'xpath=//a[contains(@class, 'nav-link dropdown-toggle')]'.</msg>
<arg>xpath=//a[contains(@class, 'nav-link dropdown-toggle')]</arg>
<doc>Click the element identified by ``locator``.</doc>
<status status="PASS" start="2025-03-07T02:37:01.835581" elapsed="0.247433"/>
</kw>
<kw name="Sleep" owner="BuiltIn">
<msg time="2025-03-07T02:37:04.083863" level="INFO">Slept 2 seconds.</msg>
<arg>2s</arg>
<doc>Pauses the test executed for the given time.</doc>
<status status="PASS" start="2025-03-07T02:37:02.083367" elapsed="2.000672"/>
</kw>
<kw name="Wait Until Element Is Visible" owner="SeleniumLibrary">
<arg>xpath=//div[contains(@class, 'dropdown-menu')]</arg>
<arg>timeout=10s</arg>
<doc>Waits until the element ``locator`` is visible.</doc>
<status status="PASS" start="2025-03-07T02:37:04.084321" elapsed="0.011608"/>
</kw>
<kw name="Get WebElements" owner="SeleniumLibrary">
<msg time="2025-03-07T02:37:04.099482" level="INFO">${dropdown_items} = [&lt;selenium.webdriver.remote.webelement.WebElement (session="bdf72951-4d12-461a-80cb-781b54319eaa", element="217cdc31-2639-415b-9a2f-7623f03ea677")&gt;, &lt;selenium.webdriver.remote.webelement.WebElement (s...</msg>
<var>${dropdown_items}</var>
<arg>xpath=//div[contains(@class, 'dropdown-menu')]//a</arg>
<doc>Returns a list of WebElement objects matching the ``locator``.</doc>
<status status="PASS" start="2025-03-07T02:37:04.096143" elapsed="0.003396"/>
</kw>
<for flavor="IN">
<iter>
<kw name="Get Text" owner="SeleniumLibrary">
<msg time="2025-03-07T02:37:04.108005" level="INFO">${text} = ไทย</msg>
<var>${text}</var>
<arg>${item}</arg>
<doc>Returns the text value of the element identified by ``locator``.</doc>
<status status="PASS" start="2025-03-07T02:37:04.099975" elapsed="0.008142"/>
</kw>
<kw name="Log To Console" owner="BuiltIn">
<arg>Dropdown item: ${text}</arg>
<doc>Logs the given message to the console.</doc>
<status status="PASS" start="2025-03-07T02:37:04.108474" elapsed="0.000729"/>
</kw>
<kw name="Run Keyword If" owner="BuiltIn">
<arg>'${text}' == 'English' or '${text}' == 'EN' or '${text}' == 'en'</arg>
<arg>Click Element</arg>
<arg>${item}</arg>
<doc>Runs the given keyword with the given arguments, if ``condition`` is true.</doc>
<status status="PASS" start="2025-03-07T02:37:04.109450" elapsed="0.000534"/>
</kw>
<var name="${item}">&lt;selenium.webdriver.remote.webelement.WebElement (session="bdf72951-4d12-461a-80cb-781b54319eaa", element="217cdc31-2639-415b-9a2f-7623f03ea677")&gt;</var>
<status status="PASS" start="2025-03-07T02:37:04.099849" elapsed="0.010244"/>
</iter>
<iter>
<kw name="Get Text" owner="SeleniumLibrary">
<msg time="2025-03-07T02:37:04.121194" level="INFO">${text} = 中国</msg>
<var>${text}</var>
<arg>${item}</arg>
<doc>Returns the text value of the element identified by ``locator``.</doc>
<status status="PASS" start="2025-03-07T02:37:04.110485" elapsed="0.010796"/>
</kw>
<kw name="Log To Console" owner="BuiltIn">
<arg>Dropdown item: ${text}</arg>
<doc>Logs the given message to the console.</doc>
<status status="PASS" start="2025-03-07T02:37:04.121563" elapsed="0.000618"/>
</kw>
<kw name="Run Keyword If" owner="BuiltIn">
<arg>'${text}' == 'English' or '${text}' == 'EN' or '${text}' == 'en'</arg>
<arg>Click Element</arg>
<arg>${item}</arg>
<doc>Runs the given keyword with the given arguments, if ``condition`` is true.</doc>
<status status="PASS" start="2025-03-07T02:37:04.122454" elapsed="0.000474"/>
</kw>
<var name="${item}">&lt;selenium.webdriver.remote.webelement.WebElement (session="bdf72951-4d12-461a-80cb-781b54319eaa", element="42bc95bf-0234-40c0-8568-de65bdab0acd")&gt;</var>
<status status="PASS" start="2025-03-07T02:37:04.110312" elapsed="0.012733"/>
</iter>
<var>${item}</var>
<value>@{dropdown_items}</value>
<status status="PASS" start="2025-03-07T02:37:04.099653" elapsed="0.023503"/>
</for>
<kw name="Sleep" owner="BuiltIn">
<msg time="2025-03-07T02:37:06.124460" level="INFO">Slept 2 seconds.</msg>
<arg>2s</arg>
<doc>Pauses the test executed for the given time.</doc>
<status status="PASS" start="2025-03-07T02:37:04.123386" elapsed="2.001322"/>
</kw>
<kw name="Wait Until Page Contains Element" owner="SeleniumLibrary">
<arg>xpath=//span[contains(@class, 'flag-icon-us')]</arg>
<arg>10s</arg>
<doc>Waits until the element ``locator`` appears on the current page.</doc>
<status status="PASS" start="2025-03-07T02:37:06.125089" elapsed="0.003644"/>
</kw>
<kw name="Log To Console" owner="BuiltIn">
<arg>Reset language to English</arg>
<doc>Logs the given message to the console.</doc>
<status status="PASS" start="2025-03-07T02:37:06.128978" elapsed="0.000588"/>
</kw>
<status status="PASS" start="2025-03-07T02:37:01.007322" elapsed="5.122388"/>
</kw>
<kw name="Go To" owner="SeleniumLibrary">
<msg time="2025-03-07T02:37:06.130240" level="INFO">Opening url 'http://127.0.0.1:8000/programs'</msg>
<arg>${PROGRAMS_URL}</arg>
<doc>Navigates the current browser window to the provided ``url``.</doc>
<status status="PASS" start="2025-03-07T02:37:06.130018" elapsed="0.589414"/>
</kw>
<kw name="Open EditModal">
<kw name="Wait Until Page Contains Element" owner="SeleniumLibrary">
<arg>xpath=//a[@id='edit-program'][1]</arg>
<arg>15s</arg>
<doc>Waits until the element ``locator`` appears on the current page.</doc>
<status status="PASS" start="2025-03-07T02:37:06.720523" elapsed="0.095794"/>
</kw>
<kw name="Click Element" owner="SeleniumLibrary">
<msg time="2025-03-07T02:37:06.817012" level="INFO">Clicking element 'xpath=//a[@id='edit-program'][1]'.</msg>
<arg>xpath=//a[@id='edit-program'][1]</arg>
<doc>Click the element identified by ``locator``.</doc>
<status status="PASS" start="2025-03-07T02:37:06.816641" elapsed="0.277636"/>
</kw>
<kw name="Sleep" owner="BuiltIn">
<msg time="2025-03-07T02:37:10.095321" level="INFO">Slept 3 seconds.</msg>
<arg>3s</arg>
<doc>Pauses the test executed for the given time.</doc>
<status status="PASS" start="2025-03-07T02:37:07.094521" elapsed="3.000963"/>
</kw>
<kw name="Wait Until Page Contains Element" owner="SeleniumLibrary">
<arg>xpath=//div[@id='crud-modal']//h4[@id='programCrudModal']</arg>
<arg>15s</arg>
<doc>Waits until the element ``locator`` appears on the current page.</doc>
<status status="PASS" start="2025-03-07T02:37:10.095754" elapsed="0.005468"/>
</kw>
<kw name="Log To Console" owner="BuiltIn">
<arg>Edit modal opened</arg>
<doc>Logs the given message to the console.</doc>
<status status="PASS" start="2025-03-07T02:37:10.101460" elapsed="0.000466"/>
</kw>
<status status="PASS" start="2025-03-07T02:37:06.720010" elapsed="3.382053"/>
</kw>
<kw name="Verify ModalHeader">
<kw name="Wait Until Element Contains" owner="SeleniumLibrary">
<msg time="2025-03-07T02:37:25.310782" level="INFO" html="true">&lt;/td&gt;&lt;/tr&gt;&lt;tr&gt;&lt;td colspan="3"&gt;&lt;a href="selenium-screenshot-61.png"&gt;&lt;img src="selenium-screenshot-61.png" width="800px"&gt;&lt;/a&gt;</msg>
<msg time="2025-03-07T02:37:25.311021" level="FAIL">Element 'xpath=//div[@id='crud-modal']//h4[@id='programCrudModal']' did not get text 'Edit Program' in 15 seconds.</msg>
<arg>xpath=//div[@id='crud-modal']//h4[@id='programCrudModal']</arg>
<arg>${expected_text}</arg>
<arg>15s</arg>
<doc>Waits until the element ``locator`` contains ``text``.</doc>
<status status="FAIL" start="2025-03-07T02:37:10.102823" elapsed="15.210125">Element 'xpath=//div[@id='crud-modal']//h4[@id='programCrudModal']' did not get text 'Edit Program' in 15 seconds.</status>
</kw>
<kw name="Get Text" owner="SeleniumLibrary">
<var>${actual_text}</var>
<arg>xpath=//div[@id='crud-modal']//h4[@id='programCrudModal']</arg>
<doc>Returns the text value of the element identified by ``locator``.</doc>
<status status="NOT RUN" start="2025-03-07T02:37:25.313261" elapsed="0.000065"/>
</kw>
<kw name="Log To Console" owner="BuiltIn">
<arg>Actual modal header text: ${actual_text}</arg>
<doc>Logs the given message to the console.</doc>
<status status="NOT RUN" start="2025-03-07T02:37:25.313506" elapsed="0.000050"/>
</kw>
<kw name="Should Contain" owner="BuiltIn">
<arg>${actual_text}</arg>
<arg>${expected_text}</arg>
<doc>Fails if ``container`` does not contain ``item`` one or more times.</doc>
<status status="NOT RUN" start="2025-03-07T02:37:25.313714" elapsed="0.000048"/>
</kw>
<kw name="Log To Console" owner="BuiltIn">
<arg>Verified modal header: ${expected_text}</arg>
<doc>Logs the given message to the console.</doc>
<status status="NOT RUN" start="2025-03-07T02:37:25.313919" elapsed="0.000046"/>
</kw>
<arg>Edit Program</arg>
<status status="FAIL" start="2025-03-07T02:37:10.102436" elapsed="15.211719">Element 'xpath=//div[@id='crud-modal']//h4[@id='programCrudModal']' did not get text 'Edit Program' in 15 seconds.</status>
</kw>
<kw name="Verify FormLabel">
<arg>xpath=//div[@id='crud-modal']//strong[contains(text(), 'Degree')]</arg>
<arg>Degree</arg>
<status status="NOT RUN" start="2025-03-07T02:37:25.314642" elapsed="0.000057"/>
</kw>
<kw name="Verify FormLabel">
<arg>xpath=//div[@id='crud-modal']//strong[contains(text(), 'Department')]</arg>
<arg>Department</arg>
<status status="NOT RUN" start="2025-03-07T02:37:25.315012" elapsed="0.000048"/>
</kw>
<kw name="Verify FormLabel">
<arg>xpath=//div[@id='crud-modal']//strong[contains(text(), 'Program Name (TH)')]</arg>
<arg>Program Name (TH)</arg>
<status status="NOT RUN" start="2025-03-07T02:37:25.315375" elapsed="0.000050"/>
</kw>
<kw name="Verify FormLabel">
<arg>xpath=//div[@id='crud-modal']//strong[contains(text(), 'Program Name (EN)')]</arg>
<arg>Program Name (EN)</arg>
<status status="NOT RUN" start="2025-03-07T02:37:25.315714" elapsed="0.000041"/>
</kw>
<kw name="Verify PlaceholderText">
<arg>xpath=//input[@id='program_name_th']</arg>
<arg>Enter program name in Thai</arg>
<status status="NOT RUN" start="2025-03-07T02:37:25.316005" elapsed="0.000041"/>
</kw>
<kw name="Verify PlaceholderText">
<arg>xpath=//input[@id='program_name_en']</arg>
<arg>Enter program name in English</arg>
<status status="NOT RUN" start="2025-03-07T02:37:25.316426" elapsed="0.000041"/>
</kw>
<kw name="Verify ButtonText">
<arg>xpath=//button[@id='btn-save']</arg>
<arg>Submit</arg>
<status status="NOT RUN" start="2025-03-07T02:37:25.316780" elapsed="0.000111"/>
</kw>
<kw name="Verify ButtonText">
<arg>xpath=//div[@id='crud-modal']//a[contains(text(), 'Cancel')]</arg>
<arg>Cancel</arg>
<status status="NOT RUN" start="2025-03-07T02:37:25.317145" elapsed="0.000041"/>
</kw>
<kw name="Close Modal">
<status status="NOT RUN" start="2025-03-07T02:37:25.317420" elapsed="0.000038"/>
</kw>
<kw name="Switch Language">
<arg>th</arg>
<status status="NOT RUN" start="2025-03-07T02:37:25.317786" elapsed="0.000045"/>
</kw>
<kw name="Go To" owner="SeleniumLibrary">
<arg>${PROGRAMS_URL}</arg>
<doc>Navigates the current browser window to the provided ``url``.</doc>
<status status="NOT RUN" start="2025-03-07T02:37:25.318060" elapsed="0.000040"/>
</kw>
<kw name="Open EditModal">
<status status="NOT RUN" start="2025-03-07T02:37:25.318342" elapsed="0.000038"/>
</kw>
<kw name="Verify ModalHeader">
<arg>แก้ไขหลักสูตร</arg>
<status status="NOT RUN" start="2025-03-07T02:37:25.318609" elapsed="0.000040"/>
</kw>
<kw name="Verify FormLabel">
<arg>xpath=//div[@id='crud-modal']//strong[contains(text(), 'ระดับการศึกษา')]</arg>
<arg>ระดับการศึกษา</arg>
<status status="NOT RUN" start="2025-03-07T02:37:25.319008" elapsed="0.000039"/>
</kw>
<kw name="Verify FormLabel">
<arg>xpath=//div[@id='crud-modal']//strong[contains(text(), 'แผนก')]</arg>
<arg>แผนก</arg>
<status status="NOT RUN" start="2025-03-07T02:37:25.319280" elapsed="0.000038"/>
</kw>
<kw name="Verify FormLabel">
<arg>xpath=//div[@id='crud-modal']//strong[contains(text(), 'ชื่อหลักสูตร (TH)')]</arg>
<arg>ชื่อหลักสูตร (TH)</arg>
<status status="NOT RUN" start="2025-03-07T02:37:25.319552" elapsed="0.000038"/>
</kw>
<kw name="Verify FormLabel">
<arg>xpath=//div[@id='crud-modal']//strong[contains(text(), 'ชื่อหลักสูตร (EN)')]</arg>
<arg>ชื่อหลักสูตร (EN)</arg>
<status status="NOT RUN" start="2025-03-07T02:37:25.319823" elapsed="0.000038"/>
</kw>
<kw name="Verify PlaceholderText">
<arg>xpath=//input[@id='program_name_th']</arg>
<arg>กรอกชื่อหลักสูตรเป็นภาษาไทย</arg>
<status status="NOT RUN" start="2025-03-07T02:37:25.320103" elapsed="0.000037"/>
</kw>
<kw name="Verify PlaceholderText">
<arg>xpath=//input[@id='program_name_en']</arg>
<arg>กรอกชื่อหลักสูตรเป็นภาษาอังกฤษ</arg>
<status status="NOT RUN" start="2025-03-07T02:37:25.320355" elapsed="0.000034"/>
</kw>
<kw name="Verify ButtonText">
<arg>xpath=//button[@id='btn-save']</arg>
<arg>บันทึก</arg>
<status status="NOT RUN" start="2025-03-07T02:37:25.320606" elapsed="0.000034"/>
</kw>
<kw name="Verify ButtonText">
<arg>xpath=//div[@id='crud-modal']//a[contains(text(), 'ยกเลิก')]</arg>
<arg>ยกเลิก</arg>
<status status="NOT RUN" start="2025-03-07T02:37:25.320852" elapsed="0.000035"/>
</kw>
<kw name="Close Modal">
<status status="NOT RUN" start="2025-03-07T02:37:25.321209" elapsed="0.000043"/>
</kw>
<kw name="Switch Language">
<arg>zh</arg>
<status status="NOT RUN" start="2025-03-07T02:37:25.321531" elapsed="0.000035"/>
</kw>
<kw name="Go To" owner="SeleniumLibrary">
<arg>${PROGRAMS_URL}</arg>
<doc>Navigates the current browser window to the provided ``url``.</doc>
<status status="NOT RUN" start="2025-03-07T02:37:25.321765" elapsed="0.000036"/>
</kw>
<kw name="Open EditModal">
<status status="NOT RUN" start="2025-03-07T02:37:25.322029" elapsed="0.000035"/>
</kw>
<kw name="Verify ModalHeader">
<arg>編輯程式</arg>
<status status="NOT RUN" start="2025-03-07T02:37:25.322271" elapsed="0.000036"/>
</kw>
<kw name="Verify FormLabel">
<arg>xpath=//div[@id='crud-modal']//strong[contains(text(), '学历')]</arg>
<arg>学历</arg>
<status status="NOT RUN" start="2025-03-07T02:37:25.322530" elapsed="0.000037"/>
</kw>
<kw name="Verify FormLabel">
<arg>xpath=//div[@id='crud-modal']//strong[contains(text(), '系别')]</arg>
<arg>系别</arg>
<status status="NOT RUN" start="2025-03-07T02:37:25.322783" elapsed="0.000034"/>
</kw>
<kw name="Verify FormLabel">
<arg>xpath=//div[@id='crud-modal']//strong[contains(text(), '课程名称 (泰语)')]</arg>
<arg>课程名称 (泰语)</arg>
<status status="NOT RUN" start="2025-03-07T02:37:25.323051" elapsed="0.000033"/>
</kw>
<kw name="Verify FormLabel">
<arg>xpath=//div[@id='crud-modal']//strong[contains(text(), '课程名称 (英语)')]</arg>
<arg>课程名称 (英语)</arg>
<status status="NOT RUN" start="2025-03-07T02:37:25.323452" elapsed="0.000033"/>
</kw>
<kw name="Verify PlaceholderText">
<arg>xpath=//input[@id='program_name_th']</arg>
<arg>请输入泰语课程名称</arg>
<status status="NOT RUN" start="2025-03-07T02:37:25.323700" elapsed="0.000032"/>
</kw>
<kw name="Verify PlaceholderText">
<arg>xpath=//input[@id='program_name_en']</arg>
<arg>请输入英语课程名称</arg>
<status status="NOT RUN" start="2025-03-07T02:37:25.323948" elapsed="0.000033"/>
</kw>
<kw name="Verify ButtonText">
<arg>xpath=//button[@id='btn-save']</arg>
<arg>提交</arg>
<status status="NOT RUN" start="2025-03-07T02:37:25.324205" elapsed="0.000033"/>
</kw>
<kw name="Verify ButtonText">
<arg>xpath=//div[@id='crud-modal']//a[contains(text(), '取消')]</arg>
<arg>取消</arg>
<status status="NOT RUN" start="2025-03-07T02:37:25.324447" elapsed="0.000033"/>
</kw>
<kw name="Close Modal">
<status status="NOT RUN" start="2025-03-07T02:37:25.324682" elapsed="0.000032"/>
</kw>
<status status="FAIL" start="2025-03-07T02:37:01.005301" elapsed="24.319671">Element 'xpath=//div[@id='crud-modal']//h4[@id='programCrudModal']' did not get text 'Edit Program' in 15 seconds.</status>
</test>
<test id="s1-t5" name="TC44_ADMINPrograms_DeleteTranslation - ตรวจสอบภาษาการลบข้อมูลและpop up ที่แสดงขึ้นมา ของ UI22 ที่ http://127.0.0.1:8000/programs" line="268">
<kw name="Reset Language To English" type="SETUP">
<kw name="Go To" owner="SeleniumLibrary">
<msg time="2025-03-07T02:37:25.331249" level="INFO">Opening url 'http://127.0.0.1:8000/dashboard'</msg>
<arg>${DASHBOARD_URL}</arg>
<doc>Navigates the current browser window to the provided ``url``.</doc>
<status status="PASS" start="2025-03-07T02:37:25.330990" elapsed="0.504407"/>
</kw>
<kw name="Wait Until Element Is Visible" owner="SeleniumLibrary">
<arg>xpath=//a[contains(@class, 'nav-link dropdown-toggle')]</arg>
<arg>timeout=15s</arg>
<doc>Waits until the element ``locator`` is visible.</doc>
<status status="PASS" start="2025-03-07T02:37:25.835763" elapsed="0.021179"/>
</kw>
<kw name="Click Element" owner="SeleniumLibrary">
<msg time="2025-03-07T02:37:25.857448" level="INFO">Clicking element 'xpath=//a[contains(@class, 'nav-link dropdown-toggle')]'.</msg>
<arg>xpath=//a[contains(@class, 'nav-link dropdown-toggle')]</arg>
<doc>Click the element identified by ``locator``.</doc>
<status status="PASS" start="2025-03-07T02:37:25.857193" elapsed="0.223992"/>
</kw>
<kw name="Sleep" owner="BuiltIn">
<msg time="2025-03-07T02:37:28.081896" level="INFO">Slept 2 seconds.</msg>
<arg>2s</arg>
<doc>Pauses the test executed for the given time.</doc>
<status status="PASS" start="2025-03-07T02:37:26.081459" elapsed="2.000588"/>
</kw>
<kw name="Wait Until Element Is Visible" owner="SeleniumLibrary">
<arg>xpath=//div[contains(@class, 'dropdown-menu')]</arg>
<arg>timeout=10s</arg>
<doc>Waits until the element ``locator`` is visible.</doc>
<status status="PASS" start="2025-03-07T02:37:28.082295" elapsed="0.013472"/>
</kw>
<kw name="Get WebElements" owner="SeleniumLibrary">
<msg time="2025-03-07T02:37:28.099533" level="INFO">${dropdown_items} = [&lt;selenium.webdriver.remote.webelement.WebElement (session="bdf72951-4d12-461a-80cb-781b54319eaa", element="43ec0220-f562-4633-acc3-a5eae3e23e53")&gt;, &lt;selenium.webdriver.remote.webelement.WebElement (s...</msg>
<var>${dropdown_items}</var>
<arg>xpath=//div[contains(@class, 'dropdown-menu')]//a</arg>
<doc>Returns a list of WebElement objects matching the ``locator``.</doc>
<status status="PASS" start="2025-03-07T02:37:28.096018" elapsed="0.003668"/>
</kw>
<for flavor="IN">
<iter>
<kw name="Get Text" owner="SeleniumLibrary">
<msg time="2025-03-07T02:37:28.108281" level="INFO">${text} = ไทย</msg>
<var>${text}</var>
<arg>${item}</arg>
<doc>Returns the text value of the element identified by ``locator``.</doc>
<status status="PASS" start="2025-03-07T02:37:28.100276" elapsed="0.008074"/>
</kw>
<kw name="Log To Console" owner="BuiltIn">
<arg>Dropdown item: ${text}</arg>
<doc>Logs the given message to the console.</doc>
<status status="PASS" start="2025-03-07T02:37:28.108587" elapsed="0.000524"/>
</kw>
<kw name="Run Keyword If" owner="BuiltIn">
<arg>'${text}' == 'English' or '${text}' == 'EN' or '${text}' == 'en'</arg>
<arg>Click Element</arg>
<arg>${item}</arg>
<doc>Runs the given keyword with the given arguments, if ``condition`` is true.</doc>
<status status="PASS" start="2025-03-07T02:37:28.109341" elapsed="0.000418"/>
</kw>
<var name="${item}">&lt;selenium.webdriver.remote.webelement.WebElement (session="bdf72951-4d12-461a-80cb-781b54319eaa", element="43ec0220-f562-4633-acc3-a5eae3e23e53")&gt;</var>
<status status="PASS" start="2025-03-07T02:37:28.100110" elapsed="0.009748"/>
</iter>
<iter>
<kw name="Get Text" owner="SeleniumLibrary">
<msg time="2025-03-07T02:37:28.119023" level="INFO">${text} = 中国</msg>
<var>${text}</var>
<arg>${item}</arg>
<doc>Returns the text value of the element identified by ``locator``.</doc>
<status status="PASS" start="2025-03-07T02:37:28.110209" elapsed="0.008893"/>
</kw>
<kw name="Log To Console" owner="BuiltIn">
<arg>Dropdown item: ${text}</arg>
<doc>Logs the given message to the console.</doc>
<status status="PASS" start="2025-03-07T02:37:28.119347" elapsed="0.000530"/>
</kw>
<kw name="Run Keyword If" owner="BuiltIn">
<arg>'${text}' == 'English' or '${text}' == 'EN' or '${text}' == 'en'</arg>
<arg>Click Element</arg>
<arg>${item}</arg>
<doc>Runs the given keyword with the given arguments, if ``condition`` is true.</doc>
<status status="PASS" start="2025-03-07T02:37:28.120060" elapsed="0.000373"/>
</kw>
<var name="${item}">&lt;selenium.webdriver.remote.webelement.WebElement (session="bdf72951-4d12-461a-80cb-781b54319eaa", element="23ed2895-2def-4c11-8f80-733ee4651f5c")&gt;</var>
<status status="PASS" start="2025-03-07T02:37:28.110063" elapsed="0.010467"/>
</iter>
<var>${item}</var>
<value>@{dropdown_items}</value>
<status status="PASS" start="2025-03-07T02:37:28.099849" elapsed="0.020759"/>
</for>
<kw name="Sleep" owner="BuiltIn">
<msg time="2025-03-07T02:37:30.121360" level="INFO">Slept 2 seconds.</msg>
<arg>2s</arg>
<doc>Pauses the test executed for the given time.</doc>
<status status="PASS" start="2025-03-07T02:37:28.120802" elapsed="2.000740"/>
</kw>
<kw name="Wait Until Page Contains Element" owner="SeleniumLibrary">
<arg>xpath=//span[contains(@class, 'flag-icon-us')]</arg>
<arg>10s</arg>
<doc>Waits until the element ``locator`` appears on the current page.</doc>
<status status="PASS" start="2025-03-07T02:37:30.121833" elapsed="0.005384"/>
</kw>
<kw name="Log To Console" owner="BuiltIn">
<arg>Reset language to English</arg>
<doc>Logs the given message to the console.</doc>
<status status="PASS" start="2025-03-07T02:37:30.127483" elapsed="0.000567"/>
</kw>
<status status="PASS" start="2025-03-07T02:37:25.330554" elapsed="4.797699"/>
</kw>
<kw name="Go To" owner="SeleniumLibrary">
<msg time="2025-03-07T02:37:30.128865" level="INFO">Opening url 'http://127.0.0.1:8000/programs'</msg>
<arg>${PROGRAMS_URL}</arg>
<doc>Navigates the current browser window to the provided ``url``.</doc>
<status status="PASS" start="2025-03-07T02:37:30.128623" elapsed="0.566572"/>
</kw>
<kw name="Click Element" owner="SeleniumLibrary">
<msg time="2025-03-07T02:37:30.696186" level="INFO">Clicking element 'xpath=//button[contains(@class, 'show_confirm')][1]'.</msg>
<arg>xpath=//button[contains(@class, 'show_confirm')][1]</arg>
<doc>Click the element identified by ``locator``.</doc>
<status status="PASS" start="2025-03-07T02:37:30.695840" elapsed="0.369901"/>
</kw>
<kw name="Verify PopupLanguage">
<kw name="Wait Until Page Contains Element" owner="SeleniumLibrary">
<arg>xpath=//div[contains(@class, 'swal-title')]</arg>
<arg>15s</arg>
<doc>Waits until the element ``locator`` appears on the current page.</doc>
<status status="PASS" start="2025-03-07T02:37:31.066825" elapsed="0.004342"/>
</kw>
<kw name="Get Text" owner="SeleniumLibrary">
<msg time="2025-03-07T02:37:31.087928" level="INFO">${title} = Are you sure?</msg>
<var>${title}</var>
<arg>xpath=//div[contains(@class, 'swal-title')]</arg>
<doc>Returns the text value of the element identified by ``locator``.</doc>
<status status="PASS" start="2025-03-07T02:37:31.071463" elapsed="0.016594"/>
</kw>
<kw name="Log To Console" owner="BuiltIn">
<arg>Actual popup title: ${title}</arg>
<doc>Logs the given message to the console.</doc>
<status status="PASS" start="2025-03-07T02:37:31.088408" elapsed="0.000770"/>
</kw>
<kw name="Should Contain" owner="BuiltIn">
<arg>${title}</arg>
<arg>${expected_title}</arg>
<doc>Fails if ``container`` does not contain ``item`` one or more times.</doc>
<status status="PASS" start="2025-03-07T02:37:31.089456" elapsed="0.000517"/>
</kw>
<kw name="Get Text" owner="SeleniumLibrary">
<msg time="2025-03-07T02:37:31.104927" level="INFO">${text} = You will not be able to recover this file!</msg>
<var>${text}</var>
<arg>xpath=//div[contains(@class, 'swal-text')]</arg>
<doc>Returns the text value of the element identified by ``locator``.</doc>
<status status="PASS" start="2025-03-07T02:37:31.090223" elapsed="0.014791"/>
</kw>
<kw name="Log To Console" owner="BuiltIn">
<arg>Actual popup text: ${text}</arg>
<doc>Logs the given message to the console.</doc>
<status status="PASS" start="2025-03-07T02:37:31.105335" elapsed="0.000663"/>
</kw>
<kw name="Should Contain" owner="BuiltIn">
<arg>${text}</arg>
<arg>${expected_text}</arg>
<doc>Fails if ``container`` does not contain ``item`` one or more times.</doc>
<status status="PASS" start="2025-03-07T02:37:31.106302" elapsed="0.000365"/>
</kw>
<kw name="Click Element" owner="SeleniumLibrary">
<msg time="2025-03-07T02:37:31.107195" level="INFO">Clicking element 'xpath=//button[contains(@class, 'swal-button--confirm')]'.</msg>
<arg>xpath=//button[contains(@class, 'swal-button--confirm')]</arg>
<doc>Click the element identified by ``locator``.</doc>
<status status="PASS" start="2025-03-07T02:37:31.106864" elapsed="0.229509"/>
</kw>
<kw name="Sleep" owner="BuiltIn">
<msg time="2025-03-07T02:37:34.337018" level="INFO">Slept 3 seconds.</msg>
<arg>3s</arg>
<doc>Pauses the test executed for the given time.</doc>
<status status="PASS" start="2025-03-07T02:37:31.336620" elapsed="3.000556"/>
</kw>
<kw name="Wait Until Page Contains Element" owner="SeleniumLibrary">
<arg>xpath=//div[contains(@class, 'card-body')]</arg>
<arg>15s</arg>
<doc>Waits until the element ``locator`` appears on the current page.</doc>
<status status="PASS" start="2025-03-07T02:37:34.337421" elapsed="0.004577"/>
</kw>
<kw name="Log To Console" owner="BuiltIn">
<arg>Verified popup: ${expected_title}, ${expected_text}, ${expected_success}</arg>
<doc>Logs the given message to the console.</doc>
<status status="PASS" start="2025-03-07T02:37:34.342318" elapsed="0.000663"/>
</kw>
<arg>Are you sure?</arg>
<arg>You will not be able to recover this file!</arg>
<arg>Delete Successfully</arg>
<status status="PASS" start="2025-03-07T02:37:31.066348" elapsed="3.276758"/>
</kw>
<kw name="Switch Language">
<kw name="Set Variable If" owner="BuiltIn">
<msg time="2025-03-07T02:37:34.344376" level="INFO">${lang_text} = ไทย</msg>
<var>${lang_text}</var>
<arg>'${lang}' == 'en'</arg>
<arg>English</arg>
<arg>'${lang}' == 'th'</arg>
<arg>ไทย</arg>
<arg>'${lang}' == 'zh'</arg>
<arg>中国</arg>
<doc>Sets variable based on the given condition.</doc>
<status status="PASS" start="2025-03-07T02:37:34.343938" elapsed="0.000487"/>
</kw>
<kw name="Go To" owner="SeleniumLibrary">
<msg time="2025-03-07T02:37:34.344846" level="INFO">Opening url 'http://127.0.0.1:8000/dashboard'</msg>
<arg>${DASHBOARD_URL}</arg>
<doc>Navigates the current browser window to the provided ``url``.</doc>
<status status="PASS" start="2025-03-07T02:37:34.344677" elapsed="0.507066"/>
</kw>
<kw name="Wait Until Element Is Visible" owner="SeleniumLibrary">
<arg>xpath=//a[contains(@class, 'nav-link dropdown-toggle')]</arg>
<arg>timeout=15s</arg>
<doc>Waits until the element ``locator`` is visible.</doc>
<status status="PASS" start="2025-03-07T02:37:34.851989" elapsed="0.027030"/>
</kw>
<kw name="Click Element" owner="SeleniumLibrary">
<msg time="2025-03-07T02:37:34.879607" level="INFO">Clicking element 'xpath=//a[contains(@class, 'nav-link dropdown-toggle')]'.</msg>
<arg>xpath=//a[contains(@class, 'nav-link dropdown-toggle')]</arg>
<doc>Click the element identified by ``locator``.</doc>
<status status="PASS" start="2025-03-07T02:37:34.879311" elapsed="0.221226"/>
</kw>
<kw name="Sleep" owner="BuiltIn">
<msg time="2025-03-07T02:37:37.101159" level="INFO">Slept 2 seconds.</msg>
<arg>2s</arg>
<doc>Pauses the test executed for the given time.</doc>
<status status="PASS" start="2025-03-07T02:37:35.100776" elapsed="2.000539"/>
</kw>
<kw name="Wait Until Element Is Visible" owner="SeleniumLibrary">
<arg>xpath=//div[contains(@class, 'dropdown-menu')]</arg>
<arg>timeout=10s</arg>
<doc>Waits until the element ``locator`` is visible.</doc>
<status status="PASS" start="2025-03-07T02:37:37.101562" elapsed="0.013005"/>
</kw>
<kw name="Get WebElements" owner="SeleniumLibrary">
<msg time="2025-03-07T02:37:37.118695" level="INFO">${dropdown_items} = [&lt;selenium.webdriver.remote.webelement.WebElement (session="bdf72951-4d12-461a-80cb-781b54319eaa", element="24ab6056-7d89-4f61-a14f-9197d917e819")&gt;, &lt;selenium.webdriver.remote.webelement.WebElement (s...</msg>
<var>${dropdown_items}</var>
<arg>xpath=//div[contains(@class, 'dropdown-menu')]//a</arg>
<doc>Returns a list of WebElement objects matching the ``locator``.</doc>
<status status="PASS" start="2025-03-07T02:37:37.114821" elapsed="0.003939"/>
</kw>
<for flavor="IN">
<iter>
<kw name="Get Text" owner="SeleniumLibrary">
<msg time="2025-03-07T02:37:37.128934" level="INFO">${text} = ไทย</msg>
<var>${text}</var>
<arg>${item}</arg>
<doc>Returns the text value of the element identified by ``locator``.</doc>
<status status="PASS" start="2025-03-07T02:37:37.119286" elapsed="0.009712"/>
</kw>
<kw name="Log To Console" owner="BuiltIn">
<arg>Dropdown item: ${text}</arg>
<doc>Logs the given message to the console.</doc>
<status status="PASS" start="2025-03-07T02:37:37.129212" elapsed="0.000520"/>
</kw>
<kw name="Run Keyword If" owner="BuiltIn">
<kw name="Click Element" owner="SeleniumLibrary">
<msg time="2025-03-07T02:37:37.130593" level="INFO">Clicking element '&lt;selenium.webdriver.remote.webelement.WebElement (session="bdf72951-4d12-461a-80cb-781b54319eaa", element="24ab6056-7d89-4f61-a14f-9197d917e819")&gt;'.</msg>
<arg>${item}</arg>
<doc>Click the element identified by ``locator``.</doc>
<status status="PASS" start="2025-03-07T02:37:37.130337" elapsed="0.655672"/>
</kw>
<arg>'${text}' == '${lang_text}'</arg>
<arg>Click Element</arg>
<arg>${item}</arg>
<doc>Runs the given keyword with the given arguments, if ``condition`` is true.</doc>
<status status="PASS" start="2025-03-07T02:37:37.129932" elapsed="0.656244"/>
</kw>
<var name="${item}">&lt;selenium.webdriver.remote.webelement.WebElement (session="bdf72951-4d12-461a-80cb-781b54319eaa", element="24ab6056-7d89-4f61-a14f-9197d917e819")&gt;</var>
<status status="PASS" start="2025-03-07T02:37:37.119131" elapsed="0.667134"/>
</iter>
<iter>
<kw name="Get Text" owner="SeleniumLibrary">
<msg time="2025-03-07T02:37:37.853172" level="INFO" html="true">&lt;/td&gt;&lt;/tr&gt;&lt;tr&gt;&lt;td colspan="3"&gt;&lt;a href="selenium-screenshot-62.png"&gt;&lt;img src="selenium-screenshot-62.png" width="800px"&gt;&lt;/a&gt;</msg>
<msg time="2025-03-07T02:37:37.853480" level="FAIL">StaleElementReferenceException: Message: The element with the reference a8b585e7-0641-4493-8f22-d1a59c60ae5a is stale; either its node document is not the active document, or it is no longer connected to the DOM; For documentation on this error, please visit: https://www.selenium.dev/documentation/webdriver/troubleshooting/errors#stale-element-reference-exception
Stacktrace:
RemoteError@chrome://remote/content/shared/RemoteError.sys.mjs:8:8
WebDriverError@chrome://remote/content/shared/webdriver/Errors.sys.mjs:197:5
StaleElementReferenceError@chrome://remote/content/shared/webdriver/Errors.sys.mjs:755:5
getKnownElement@chrome://remote/content/marionette/json.sys.mjs:405:11
deserializeJSON@chrome://remote/content/marionette/json.sys.mjs:263:20
cloneObject@chrome://remote/content/marionette/json.sys.mjs:59:24
deserializeJSON@chrome://remote/content/marionette/json.sys.mjs:293:16
json.deserialize@chrome://remote/content/marionette/json.sys.mjs:297:10
receiveMessage@chrome://remote/content/marionette/actors/MarionetteCommandsChild.sys.mjs:195:30
</msg>
<var>${text}</var>
<arg>${item}</arg>
<doc>Returns the text value of the element identified by ``locator``.</doc>
<status status="FAIL" start="2025-03-07T02:37:37.786707" elapsed="0.068767">StaleElementReferenceException: Message: The element with the reference a8b585e7-0641-4493-8f22-d1a59c60ae5a is stale; either its node document is not the active document, or it is no longer connected to the DOM; For documentation on this error, please visit: https://www.selenium.dev/documentation/webdriver/troubleshooting/errors#stale-element-reference-exception
Stacktrace:
RemoteError@chrome://remote/content/shared/RemoteError.sys.mjs:8:8
WebDriverError@chrome://remote/content/shared/webdriver/Errors.sys.mjs:197:5
StaleElementReferenceError@chrome://remote/content/shared/webdriver/Errors.sys.mjs:755:5
getKnownElement@chrome://remote/content/marionette/json.sys.mjs:405:11
deserializeJSON@chrome://remote/content/marionette/json.sys.mjs:263:20
cloneObject@chrome://remote/content/marionette/json.sys.mjs:59:24
deserializeJSON@chrome://remote/content/marionette/json.sys.mjs:293:16
json.deserialize@chrome://remote/content/marionette/json.sys.mjs:297:10
receiveMessage@chrome://remote/content/marionette/actors/MarionetteCommandsChild.sys.mjs:195:30
</status>
</kw>
<kw name="Log To Console" owner="BuiltIn">
<arg>Dropdown item: ${text}</arg>
<doc>Logs the given message to the console.</doc>
<status status="NOT RUN" start="2025-03-07T02:37:37.855776" elapsed="0.000082"/>
</kw>
<kw name="Run Keyword If" owner="BuiltIn">
<arg>'${text}' == '${lang_text}'</arg>
<arg>Click Element</arg>
<arg>${item}</arg>
<doc>Runs the given keyword with the given arguments, if ``condition`` is true.</doc>
<status status="NOT RUN" start="2025-03-07T02:37:37.856112" elapsed="0.000064"/>
</kw>
<var name="${item}">&lt;selenium.webdriver.remote.webelement.WebElement (session="bdf72951-4d12-461a-80cb-781b54319eaa", element="a8b585e7-0641-4493-8f22-d1a59c60ae5a")&gt;</var>
<status status="FAIL" start="2025-03-07T02:37:37.786511" elapsed="0.069780">StaleElementReferenceException: Message: The element with the reference a8b585e7-0641-4493-8f22-d1a59c60ae5a is stale; either its node document is not the active document, or it is no longer connected to the DOM; For documentation on this error, please visit: https://www.selenium.dev/documentation/webdriver/troubleshooting/errors#stale-element-reference-exception
Stacktrace:
RemoteError@chrome://remote/content/shared/RemoteError.sys.mjs:8:8
WebDriverError@chrome://remote/content/shared/webdriver/Errors.sys.mjs:197:5
StaleElementReferenceError@chrome://remote/content/shared/webdriver/Errors.sys.mjs:755:5
getKnownElement@chrome://remote/content/marionette/json.sys.mjs:405:11
deserializeJSON@chrome://remote/content/marionette/json.sys.mjs:263:20
cloneObject@chrome://remote/content/marionette/json.sys.mjs:59:24
deserializeJSON@chrome://remote/content/marionette/json.sys.mjs:293:16
json.deserialize@chrome://remote/content/marionette/json.sys.mjs:297:10
receiveMessage@chrome://remote/content/marionette/actors/MarionetteCommandsChild.sys.mjs:195:30
</status>
</iter>
<var>${item}</var>
<value>@{dropdown_items}</value>
<status status="FAIL" start="2025-03-07T02:37:37.118896" elapsed="0.737625">StaleElementReferenceException: Message: The element with the reference a8b585e7-0641-4493-8f22-d1a59c60ae5a is stale; either its node document is not the active document, or it is no longer connected to the DOM; For documentation on this error, please visit: https://www.selenium.dev/documentation/webdriver/troubleshooting/errors#stale-element-reference-exception
Stacktrace:
RemoteError@chrome://remote/content/shared/RemoteError.sys.mjs:8:8
WebDriverError@chrome://remote/content/shared/webdriver/Errors.sys.mjs:197:5
StaleElementReferenceError@chrome://remote/content/shared/webdriver/Errors.sys.mjs:755:5
getKnownElement@chrome://remote/content/marionette/json.sys.mjs:405:11
deserializeJSON@chrome://remote/content/marionette/json.sys.mjs:263:20
cloneObject@chrome://remote/content/marionette/json.sys.mjs:59:24
deserializeJSON@chrome://remote/content/marionette/json.sys.mjs:293:16
json.deserialize@chrome://remote/content/marionette/json.sys.mjs:297:10
receiveMessage@chrome://remote/content/marionette/actors/MarionetteCommandsChild.sys.mjs:195:30
</status>
</for>
<kw name="Sleep" owner="BuiltIn">
<arg>2s</arg>
<doc>Pauses the test executed for the given time.</doc>
<status status="NOT RUN" start="2025-03-07T02:37:37.856780" elapsed="0.000075"/>
</kw>
<kw name="Run Keyword If" owner="BuiltIn">
<var>${flag}</var>
<arg>'${lang}' == 'zh'</arg>
<arg>Set Variable</arg>
<arg>cn</arg>
<arg>ELSE</arg>
<arg>Set Variable</arg>
<arg>${lang}</arg>
<doc>Runs the given keyword with the given arguments, if ``condition`` is true.</doc>
<status status="NOT RUN" start="2025-03-07T02:37:37.857066" elapsed="0.000072"/>
</kw>
<kw name="Wait Until Page Contains Element" owner="SeleniumLibrary">
<arg>xpath=//span[contains(@class, 'flag-icon-${flag}')]</arg>
<arg>10s</arg>
<doc>Waits until the element ``locator`` appears on the current page.</doc>
<status status="NOT RUN" start="2025-03-07T02:37:37.857328" elapsed="0.000035"/>
</kw>
<kw name="Log To Console" owner="BuiltIn">
<arg>Switched to language: ${lang}</arg>
<doc>Logs the given message to the console.</doc>
<status status="NOT RUN" start="2025-03-07T02:37:37.857466" elapsed="0.000029"/>
</kw>
<arg>th</arg>
<status status="FAIL" start="2025-03-07T02:37:34.343560" elapsed="3.514084">StaleElementReferenceException: Message: The element with the reference a8b585e7-0641-4493-8f22-d1a59c60ae5a is stale; either its node document is not the active document, or it is no longer connected to the DOM; For documentation on this error, please visit: https://www.selenium.dev/documentation/webdriver/troubleshooting/errors#stale-element-reference-exception
Stacktrace:
RemoteError@chrome://remote/content/shared/RemoteError.sys.mjs:8:8
WebDriverError@chrome://remote/content/shared/webdriver/Errors.sys.mjs:197:5
StaleElementReferenceError@chrome://remote/content/shared/webdriver/Errors.sys.mjs:755:5
getKnownElement@chrome://remote/content/marionette/json.sys.mjs:405:11
deserializeJSON@chrome://remote/content/marionette/json.sys.mjs:263:20
cloneObject@chrome://remote/content/marionette/json.sys.mjs:59:24
deserializeJSON@chrome://remote/content/marionette/json.sys.mjs:293:16
json.deserialize@chrome://remote/content/marionette/json.sys.mjs:297:10
receiveMessage@chrome://remote/content/marionette/actors/MarionetteCommandsChild.sys.mjs:195:30
</status>
</kw>
<kw name="Go To" owner="SeleniumLibrary">
<arg>${PROGRAMS_URL}</arg>
<doc>Navigates the current browser window to the provided ``url``.</doc>
<status status="NOT RUN" start="2025-03-07T02:37:37.858086" elapsed="0.000067"/>
</kw>
<kw name="Click Element" owner="SeleniumLibrary">
<arg>xpath=//button[contains(@class, 'show_confirm')][1]</arg>
<doc>Click the element identified by ``locator``.</doc>
<status status="NOT RUN" start="2025-03-07T02:37:37.858470" elapsed="0.000057"/>
</kw>
<kw name="Verify PopupLanguage">
<arg>คุณแน่ใจหรือไม่?</arg>
<arg>คุณจะไม่สามารถกู้คืนไฟล์นี้ได้!</arg>
<arg>ลบข้อมูลสำเร็จ</arg>
<status status="NOT RUN" start="2025-03-07T02:37:37.858970" elapsed="0.000060"/>
</kw>
<kw name="Switch Language">
<arg>zh</arg>
<status status="NOT RUN" start="2025-03-07T02:37:37.859517" elapsed="0.000057"/>
</kw>
<kw name="Go To" owner="SeleniumLibrary">
<arg>${PROGRAMS_URL}</arg>
<doc>Navigates the current browser window to the provided ``url``.</doc>
<status status="NOT RUN" start="2025-03-07T02:37:37.859998" elapsed="0.000049"/>
</kw>
<kw name="Click Element" owner="SeleniumLibrary">
<arg>xpath=//button[contains(@class, 'show_confirm')][1]</arg>
<doc>Click the element identified by ``locator``.</doc>
<status status="NOT RUN" start="2025-03-07T02:37:37.860301" elapsed="0.000047"/>
</kw>
<kw name="Verify PopupLanguage">
<arg>您确定吗？</arg>
<arg>您将无法恢复此文件！</arg>
<arg>删除成功</arg>
<status status="NOT RUN" start="2025-03-07T02:37:37.860687" elapsed="0.000050"/>
</kw>
<status status="FAIL" start="2025-03-07T02:37:25.326264" elapsed="12.534874">StaleElementReferenceException: Message: The element with the reference a8b585e7-0641-4493-8f22-d1a59c60ae5a is stale; either its node document is not the active document, or it is no longer connected to the DOM; For documentation on this error, please visit: https://www.selenium.dev/documentation/webdriver/troubleshooting/errors#stale-element-reference-exception
Stacktrace:
RemoteError@chrome://remote/content/shared/RemoteError.sys.mjs:8:8
WebDriverError@chrome://remote/content/shared/webdriver/Errors.sys.mjs:197:5
StaleElementReferenceError@chrome://remote/content/shared/webdriver/Errors.sys.mjs:755:5
getKnownElement@chrome://remote/content/marionette/json.sys.mjs:405:11
deserializeJSON@chrome://remote/content/marionette/json.sys.mjs:263:20
cloneObject@chrome://remote/content/marionette/json.sys.mjs:59:24
deserializeJSON@chrome://remote/content/marionette/json.sys.mjs:293:16
json.deserialize@chrome://remote/content/marionette/json.sys.mjs:297:10
receiveMessage@chrome://remote/content/marionette/actors/MarionetteCommandsChild.sys.mjs:195:30
</status>
</test>
<kw name="Logout And Close Browser" type="TEARDOWN">
<kw name="Go To" owner="SeleniumLibrary">
<msg time="2025-03-07T02:37:37.864749" level="INFO">Opening url 'http://127.0.0.1:8000/dashboard'</msg>
<arg>${DASHBOARD_URL}</arg>
<doc>Navigates the current browser window to the provided ``url``.</doc>
<status status="PASS" start="2025-03-07T02:37:37.864533" elapsed="0.494562"/>
</kw>
<kw name="Click Element" owner="SeleniumLibrary">
<msg time="2025-03-07T02:37:38.359543" level="INFO">Clicking element 'xpath=//a[contains(@href, '/logout')]'.</msg>
<arg>xpath=//a[contains(@href, '/logout')]</arg>
<doc>Click the element identified by ``locator``.</doc>
<status status="PASS" start="2025-03-07T02:37:38.359315" elapsed="0.692890"/>
</kw>
<kw name="Wait Until Location Contains" owner="SeleniumLibrary">
<arg>${LOGIN_URL}</arg>
<arg>15s</arg>
<doc>Waits until the current URL contains ``expected``.</doc>
<status status="PASS" start="2025-03-07T02:37:39.052628" elapsed="0.004409"/>
</kw>
<kw name="Log To Console" owner="BuiltIn">
<arg>Logged out successfully</arg>
<doc>Logs the given message to the console.</doc>
<status status="PASS" start="2025-03-07T02:37:39.057354" elapsed="0.000714"/>
</kw>
<kw name="Close Browser" owner="SeleniumLibrary">
<doc>Closes the current browser.</doc>
<status status="PASS" start="2025-03-07T02:37:39.058396" elapsed="3.189563"/>
</kw>
<status status="PASS" start="2025-03-07T02:37:37.864209" elapsed="4.383923"/>
</kw>
<status status="FAIL" start="2025-03-07T02:36:10.795272" elapsed="91.452940"/>
</suite>
<statistics>
<total>
<stat pass="0" fail="5" skip="0">All Tests</stat>
</total>
<tag>
</tag>
<suite>
<stat name="adminProgramsTestsuite" id="s1" pass="0" fail="5" skip="0">adminProgramsTestsuite</stat>
</suite>
</statistics>
<errors>
</errors>
</robot>
